{"C:\\Users\\sj716f\\Desktop\\Apprenticeship\\CapstoneProject\\backend\\src\\controllers\\adminController.ts": {"path":"C:\\Users\\sj716f\\Desktop\\Apprenticeship\\CapstoneProject\\backend\\src\\controllers\\adminController.ts","statementMap":{"0":{"start":{"line":34,"column":0},"end":{"line":34,"column":7}},"1":{"start":{"line":60,"column":0},"end":{"line":60,"column":7}},"2":{"start":{"line":95,"column":0},"end":{"line":95,"column":7}},"3":{"start":{"line":120,"column":0},"end":{"line":120,"column":7}},"4":{"start":{"line":146,"column":0},"end":{"line":146,"column":7}},"5":{"start":{"line":181,"column":0},"end":{"line":181,"column":7}},"6":{"start":{"line":2,"column":0},"end":{"line":2,"column":53}},"7":{"start":{"line":3,"column":0},"end":{"line":3,"column":63}},"8":{"start":{"line":9,"column":22},"end":{"line":12,"column":5}},"9":{"start":{"line":9,"column":51},"end":{"line":12,"column":4}},"10":{"start":{"line":14,"column":2},"end":{"line":17,"column":4}},"11":{"start":{"line":26,"column":2},"end":{"line":26,"column":53}},"12":{"start":{"line":35,"column":2},"end":{"line":52,"column":3}},"13":{"start":{"line":36,"column":19},"end":{"line":36,"column":40}},"14":{"start":{"line":37,"column":4},"end":{"line":40,"column":5}},"15":{"start":{"line":38,"column":6},"end":{"line":38,"column":59}},"16":{"start":{"line":39,"column":6},"end":{"line":39,"column":13}},"17":{"start":{"line":42,"column":34},"end":{"line":42,"column":42}},"18":{"start":{"line":43,"column":19},"end":{"line":43,"column":67}},"19":{"start":{"line":45,"column":4},"end":{"line":45,"column":43}},"20":{"start":{"line":47,"column":4},"end":{"line":50,"column":5}},"21":{"start":{"line":48,"column":6},"end":{"line":48,"column":62}},"22":{"start":{"line":49,"column":6},"end":{"line":49,"column":13}},"23":{"start":{"line":51,"column":4},"end":{"line":51,"column":14}},"24":{"start":{"line":61,"column":2},"end":{"line":87,"column":3}},"25":{"start":{"line":62,"column":19},"end":{"line":62,"column":40}},"26":{"start":{"line":63,"column":4},"end":{"line":66,"column":5}},"27":{"start":{"line":64,"column":6},"end":{"line":64,"column":59}},"28":{"start":{"line":65,"column":6},"end":{"line":65,"column":13}},"29":{"start":{"line":68,"column":19},"end":{"line":68,"column":46}},"30":{"start":{"line":69,"column":4},"end":{"line":72,"column":5}},"31":{"start":{"line":70,"column":6},"end":{"line":70,"column":57}},"32":{"start":{"line":71,"column":6},"end":{"line":71,"column":13}},"33":{"start":{"line":74,"column":58},"end":{"line":74,"column":60}},"34":{"start":{"line":75,"column":4},"end":{"line":75,"column":81}},"35":{"start":{"line":75,"column":43},"end":{"line":75,"column":81}},"36":{"start":{"line":76,"column":4},"end":{"line":76,"column":66}},"37":{"start":{"line":76,"column":38},"end":{"line":76,"column":66}},"38":{"start":{"line":78,"column":19},"end":{"line":78,"column":65}},"39":{"start":{"line":80,"column":4},"end":{"line":80,"column":43}},"40":{"start":{"line":82,"column":4},"end":{"line":85,"column":5}},"41":{"start":{"line":83,"column":6},"end":{"line":83,"column":62}},"42":{"start":{"line":84,"column":6},"end":{"line":84,"column":13}},"43":{"start":{"line":86,"column":4},"end":{"line":86,"column":14}},"44":{"start":{"line":96,"column":2},"end":{"line":112,"column":3}},"45":{"start":{"line":97,"column":19},"end":{"line":97,"column":46}},"46":{"start":{"line":98,"column":4},"end":{"line":101,"column":5}},"47":{"start":{"line":99,"column":6},"end":{"line":99,"column":57}},"48":{"start":{"line":100,"column":6},"end":{"line":100,"column":13}},"49":{"start":{"line":103,"column":4},"end":{"line":103,"column":49}},"50":{"start":{"line":105,"column":4},"end":{"line":105,"column":81}},"51":{"start":{"line":107,"column":4},"end":{"line":110,"column":5}},"52":{"start":{"line":108,"column":6},"end":{"line":108,"column":62}},"53":{"start":{"line":109,"column":6},"end":{"line":109,"column":13}},"54":{"start":{"line":111,"column":4},"end":{"line":111,"column":14}},"55":{"start":{"line":121,"column":2},"end":{"line":138,"column":3}},"56":{"start":{"line":122,"column":19},"end":{"line":122,"column":40}},"57":{"start":{"line":123,"column":4},"end":{"line":126,"column":5}},"58":{"start":{"line":124,"column":6},"end":{"line":124,"column":59}},"59":{"start":{"line":125,"column":6},"end":{"line":125,"column":13}},"60":{"start":{"line":128,"column":42},"end":{"line":128,"column":50}},"61":{"start":{"line":129,"column":19},"end":{"line":129,"column":82}},"62":{"start":{"line":131,"column":4},"end":{"line":131,"column":43}},"63":{"start":{"line":133,"column":4},"end":{"line":136,"column":5}},"64":{"start":{"line":134,"column":6},"end":{"line":134,"column":62}},"65":{"start":{"line":135,"column":6},"end":{"line":135,"column":13}},"66":{"start":{"line":137,"column":4},"end":{"line":137,"column":14}},"67":{"start":{"line":147,"column":2},"end":{"line":173,"column":3}},"68":{"start":{"line":148,"column":19},"end":{"line":148,"column":40}},"69":{"start":{"line":149,"column":4},"end":{"line":152,"column":5}},"70":{"start":{"line":150,"column":6},"end":{"line":150,"column":59}},"71":{"start":{"line":151,"column":6},"end":{"line":151,"column":13}},"72":{"start":{"line":154,"column":19},"end":{"line":154,"column":46}},"73":{"start":{"line":155,"column":4},"end":{"line":158,"column":5}},"74":{"start":{"line":156,"column":6},"end":{"line":156,"column":65}},"75":{"start":{"line":157,"column":6},"end":{"line":157,"column":13}},"76":{"start":{"line":160,"column":66},"end":{"line":160,"column":68}},"77":{"start":{"line":161,"column":4},"end":{"line":161,"column":81}},"78":{"start":{"line":161,"column":43},"end":{"line":161,"column":81}},"79":{"start":{"line":162,"column":4},"end":{"line":162,"column":90}},"80":{"start":{"line":162,"column":46},"end":{"line":162,"column":90}},"81":{"start":{"line":164,"column":19},"end":{"line":164,"column":72}},"82":{"start":{"line":166,"column":4},"end":{"line":166,"column":43}},"83":{"start":{"line":168,"column":4},"end":{"line":171,"column":5}},"84":{"start":{"line":169,"column":6},"end":{"line":169,"column":62}},"85":{"start":{"line":170,"column":6},"end":{"line":170,"column":13}},"86":{"start":{"line":172,"column":4},"end":{"line":172,"column":14}},"87":{"start":{"line":182,"column":2},"end":{"line":198,"column":3}},"88":{"start":{"line":183,"column":19},"end":{"line":183,"column":46}},"89":{"start":{"line":184,"column":4},"end":{"line":187,"column":5}},"90":{"start":{"line":185,"column":6},"end":{"line":185,"column":65}},"91":{"start":{"line":186,"column":6},"end":{"line":186,"column":13}},"92":{"start":{"line":189,"column":4},"end":{"line":189,"column":56}},"93":{"start":{"line":191,"column":4},"end":{"line":191,"column":89}},"94":{"start":{"line":193,"column":4},"end":{"line":196,"column":5}},"95":{"start":{"line":194,"column":6},"end":{"line":194,"column":62}},"96":{"start":{"line":195,"column":6},"end":{"line":195,"column":13}},"97":{"start":{"line":197,"column":4},"end":{"line":197,"column":14}}},"fnMap":{"0":{"name":"formatValidationErrors","decl":{"start":{"line":8,"column":9},"end":{"line":8,"column":31}},"loc":{"start":{"line":8,"column":75},"end":{"line":18,"column":1}}},"1":{"name":"(anonymous_10)","decl":{"start":{"line":9,"column":41},"end":{"line":9,"column":42}},"loc":{"start":{"line":9,"column":51},"end":{"line":12,"column":4}}},"2":{"name":"isAppError","decl":{"start":{"line":25,"column":9},"end":{"line":25,"column":19}},"loc":{"start":{"line":25,"column":32},"end":{"line":27,"column":1}}},"3":{"name":"createDesk","decl":{"start":{"line":34,"column":22},"end":{"line":34,"column":32}},"loc":{"start":{"line":34,"column":80},"end":{"line":53,"column":1}}},"4":{"name":"updateDesk","decl":{"start":{"line":60,"column":22},"end":{"line":60,"column":32}},"loc":{"start":{"line":60,"column":80},"end":{"line":88,"column":1}}},"5":{"name":"deleteDesk","decl":{"start":{"line":95,"column":22},"end":{"line":95,"column":32}},"loc":{"start":{"line":95,"column":80},"end":{"line":113,"column":1}}},"6":{"name":"createParking","decl":{"start":{"line":120,"column":22},"end":{"line":120,"column":35}},"loc":{"start":{"line":120,"column":83},"end":{"line":139,"column":1}}},"7":{"name":"updateParking","decl":{"start":{"line":146,"column":22},"end":{"line":146,"column":35}},"loc":{"start":{"line":146,"column":83},"end":{"line":174,"column":1}}},"8":{"name":"deleteParking","decl":{"start":{"line":181,"column":22},"end":{"line":181,"column":35}},"loc":{"start":{"line":181,"column":83},"end":{"line":199,"column":1}}}},"branchMap":{"0":{"loc":{"start":{"line":26,"column":9},"end":{"line":26,"column":52}},"type":"binary-expr","locations":[{"start":{"line":26,"column":9},"end":{"line":26,"column":29}},{"start":{"line":26,"column":33},"end":{"line":26,"column":52}}]},"1":{"loc":{"start":{"line":37,"column":4},"end":{"line":40,"column":5}},"type":"if","locations":[{"start":{"line":37,"column":4},"end":{"line":40,"column":5}}]},"2":{"loc":{"start":{"line":47,"column":4},"end":{"line":50,"column":5}},"type":"if","locations":[{"start":{"line":47,"column":4},"end":{"line":50,"column":5}}]},"3":{"loc":{"start":{"line":47,"column":8},"end":{"line":47,"column":41}},"type":"binary-expr","locations":[{"start":{"line":47,"column":8},"end":{"line":47,"column":23}},{"start":{"line":47,"column":27},"end":{"line":47,"column":41}}]},"4":{"loc":{"start":{"line":63,"column":4},"end":{"line":66,"column":5}},"type":"if","locations":[{"start":{"line":63,"column":4},"end":{"line":66,"column":5}}]},"5":{"loc":{"start":{"line":69,"column":4},"end":{"line":72,"column":5}},"type":"if","locations":[{"start":{"line":69,"column":4},"end":{"line":72,"column":5}}]},"6":{"loc":{"start":{"line":75,"column":4},"end":{"line":75,"column":81}},"type":"if","locations":[{"start":{"line":75,"column":4},"end":{"line":75,"column":81}}]},"7":{"loc":{"start":{"line":76,"column":4},"end":{"line":76,"column":66}},"type":"if","locations":[{"start":{"line":76,"column":4},"end":{"line":76,"column":66}}]},"8":{"loc":{"start":{"line":82,"column":4},"end":{"line":85,"column":5}},"type":"if","locations":[{"start":{"line":82,"column":4},"end":{"line":85,"column":5}}]},"9":{"loc":{"start":{"line":82,"column":8},"end":{"line":82,"column":41}},"type":"binary-expr","locations":[{"start":{"line":82,"column":8},"end":{"line":82,"column":23}},{"start":{"line":82,"column":27},"end":{"line":82,"column":41}}]},"10":{"loc":{"start":{"line":98,"column":4},"end":{"line":101,"column":5}},"type":"if","locations":[{"start":{"line":98,"column":4},"end":{"line":101,"column":5}}]},"11":{"loc":{"start":{"line":107,"column":4},"end":{"line":110,"column":5}},"type":"if","locations":[{"start":{"line":107,"column":4},"end":{"line":110,"column":5}}]},"12":{"loc":{"start":{"line":107,"column":8},"end":{"line":107,"column":41}},"type":"binary-expr","locations":[{"start":{"line":107,"column":8},"end":{"line":107,"column":23}},{"start":{"line":107,"column":27},"end":{"line":107,"column":41}}]},"13":{"loc":{"start":{"line":123,"column":4},"end":{"line":126,"column":5}},"type":"if","locations":[{"start":{"line":123,"column":4},"end":{"line":126,"column":5}}]},"14":{"loc":{"start":{"line":133,"column":4},"end":{"line":136,"column":5}},"type":"if","locations":[{"start":{"line":133,"column":4},"end":{"line":136,"column":5}}]},"15":{"loc":{"start":{"line":133,"column":8},"end":{"line":133,"column":41}},"type":"binary-expr","locations":[{"start":{"line":133,"column":8},"end":{"line":133,"column":23}},{"start":{"line":133,"column":27},"end":{"line":133,"column":41}}]},"16":{"loc":{"start":{"line":149,"column":4},"end":{"line":152,"column":5}},"type":"if","locations":[{"start":{"line":149,"column":4},"end":{"line":152,"column":5}}]},"17":{"loc":{"start":{"line":155,"column":4},"end":{"line":158,"column":5}},"type":"if","locations":[{"start":{"line":155,"column":4},"end":{"line":158,"column":5}}]},"18":{"loc":{"start":{"line":161,"column":4},"end":{"line":161,"column":81}},"type":"if","locations":[{"start":{"line":161,"column":4},"end":{"line":161,"column":81}}]},"19":{"loc":{"start":{"line":162,"column":4},"end":{"line":162,"column":90}},"type":"if","locations":[{"start":{"line":162,"column":4},"end":{"line":162,"column":90}}]},"20":{"loc":{"start":{"line":168,"column":4},"end":{"line":171,"column":5}},"type":"if","locations":[{"start":{"line":168,"column":4},"end":{"line":171,"column":5}}]},"21":{"loc":{"start":{"line":168,"column":8},"end":{"line":168,"column":41}},"type":"binary-expr","locations":[{"start":{"line":168,"column":8},"end":{"line":168,"column":23}},{"start":{"line":168,"column":27},"end":{"line":168,"column":41}}]},"22":{"loc":{"start":{"line":184,"column":4},"end":{"line":187,"column":5}},"type":"if","locations":[{"start":{"line":184,"column":4},"end":{"line":187,"column":5}}]},"23":{"loc":{"start":{"line":193,"column":4},"end":{"line":196,"column":5}},"type":"if","locations":[{"start":{"line":193,"column":4},"end":{"line":196,"column":5}}]},"24":{"loc":{"start":{"line":193,"column":8},"end":{"line":193,"column":41}},"type":"binary-expr","locations":[{"start":{"line":193,"column":8},"end":{"line":193,"column":23}},{"start":{"line":193,"column":27},"end":{"line":193,"column":41}}]}},"s":{"0":4,"1":4,"2":4,"3":4,"4":4,"5":4,"6":4,"7":4,"8":2,"9":6,"10":2,"11":8,"12":3,"13":3,"14":3,"15":1,"16":1,"17":2,"18":2,"19":1,"20":1,"21":1,"22":1,"23":0,"24":2,"25":2,"26":2,"27":0,"28":0,"29":2,"30":2,"31":0,"32":0,"33":2,"34":2,"35":2,"36":2,"37":1,"38":2,"39":1,"40":1,"41":1,"42":1,"43":0,"44":3,"45":3,"46":3,"47":0,"48":0,"49":3,"50":1,"51":2,"52":2,"53":2,"54":0,"55":3,"56":3,"57":3,"58":1,"59":1,"60":2,"61":2,"62":1,"63":1,"64":1,"65":1,"66":0,"67":2,"68":2,"69":2,"70":0,"71":0,"72":2,"73":2,"74":0,"75":0,"76":2,"77":2,"78":2,"79":2,"80":1,"81":2,"82":1,"83":1,"84":1,"85":1,"86":0,"87":3,"88":3,"89":3,"90":0,"91":0,"92":3,"93":1,"94":2,"95":2,"96":2,"97":0},"f":{"0":2,"1":6,"2":8,"3":3,"4":2,"5":3,"6":3,"7":2,"8":3},"b":{"0":[8,8],"1":[1],"2":[1],"3":[1,1],"4":[0],"5":[0],"6":[2],"7":[1],"8":[1],"9":[1,1],"10":[0],"11":[2],"12":[2,2],"13":[1],"14":[1],"15":[1,1],"16":[0],"17":[0],"18":[2],"19":[1],"20":[1],"21":[1,1],"22":[0],"23":[2],"24":[2,2]}}
,"C:\\Users\\sj716f\\Desktop\\Apprenticeship\\CapstoneProject\\backend\\src\\controllers\\authController.ts": {"path":"C:\\Users\\sj716f\\Desktop\\Apprenticeship\\CapstoneProject\\backend\\src\\controllers\\authController.ts","statementMap":{"0":{"start":{"line":26,"column":0},"end":{"line":26,"column":7}},"1":{"start":{"line":53,"column":0},"end":{"line":53,"column":7}},"2":{"start":{"line":91,"column":0},"end":{"line":91,"column":7}},"3":{"start":{"line":2,"column":0},"end":{"line":2,"column":53}},"4":{"start":{"line":3,"column":0},"end":{"line":3,"column":55}},"5":{"start":{"line":4,"column":0},"end":{"line":4,"column":80}},"6":{"start":{"line":10,"column":22},"end":{"line":13,"column":5}},"7":{"start":{"line":10,"column":51},"end":{"line":13,"column":4}},"8":{"start":{"line":15,"column":2},"end":{"line":18,"column":4}},"9":{"start":{"line":27,"column":2},"end":{"line":45,"column":3}},"10":{"start":{"line":28,"column":19},"end":{"line":28,"column":40}},"11":{"start":{"line":29,"column":4},"end":{"line":32,"column":5}},"12":{"start":{"line":30,"column":6},"end":{"line":30,"column":59}},"13":{"start":{"line":31,"column":6},"end":{"line":31,"column":13}},"14":{"start":{"line":34,"column":38},"end":{"line":34,"column":46}},"15":{"start":{"line":35,"column":19},"end":{"line":35,"column":68}},"16":{"start":{"line":37,"column":4},"end":{"line":37,"column":43}},"17":{"start":{"line":40,"column":4},"end":{"line":43,"column":5}},"18":{"start":{"line":41,"column":6},"end":{"line":41,"column":69}},"19":{"start":{"line":42,"column":6},"end":{"line":42,"column":13}},"20":{"start":{"line":44,"column":4},"end":{"line":44,"column":14}},"21":{"start":{"line":54,"column":2},"end":{"line":83,"column":3}},"22":{"start":{"line":55,"column":19},"end":{"line":55,"column":40}},"23":{"start":{"line":56,"column":4},"end":{"line":59,"column":5}},"24":{"start":{"line":57,"column":6},"end":{"line":57,"column":59}},"25":{"start":{"line":58,"column":6},"end":{"line":58,"column":13}},"26":{"start":{"line":61,"column":32},"end":{"line":61,"column":40}},"27":{"start":{"line":62,"column":19},"end":{"line":62,"column":59}},"28":{"start":{"line":65,"column":4},"end":{"line":65,"column":35}},"29":{"start":{"line":68,"column":4},"end":{"line":68,"column":26}},"30":{"start":{"line":70,"column":4},"end":{"line":70,"column":43}},"31":{"start":{"line":73,"column":4},"end":{"line":75,"column":5}},"32":{"start":{"line":74,"column":6},"end":{"line":74,"column":42}},"33":{"start":{"line":78,"column":4},"end":{"line":81,"column":5}},"34":{"start":{"line":79,"column":6},"end":{"line":79,"column":51}},"35":{"start":{"line":80,"column":6},"end":{"line":80,"column":13}},"36":{"start":{"line":82,"column":4},"end":{"line":82,"column":14}},"37":{"start":{"line":92,"column":2},"end":{"line":103,"column":3}},"38":{"start":{"line":93,"column":4},"end":{"line":100,"column":7}},"39":{"start":{"line":94,"column":6},"end":{"line":97,"column":7}},"40":{"start":{"line":95,"column":8},"end":{"line":95,"column":18}},"41":{"start":{"line":96,"column":8},"end":{"line":96,"column":15}},"42":{"start":{"line":98,"column":6},"end":{"line":98,"column":37}},"43":{"start":{"line":99,"column":6},"end":{"line":99,"column":77}},"44":{"start":{"line":102,"column":4},"end":{"line":102,"column":14}},"45":{"start":{"line":118,"column":2},"end":{"line":118,"column":66}},"46":{"start":{"line":122,"column":2},"end":{"line":122,"column":53}}},"fnMap":{"0":{"name":"formatValidationErrors","decl":{"start":{"line":9,"column":9},"end":{"line":9,"column":31}},"loc":{"start":{"line":9,"column":75},"end":{"line":19,"column":1}}},"1":{"name":"(anonymous_10)","decl":{"start":{"line":10,"column":41},"end":{"line":10,"column":42}},"loc":{"start":{"line":10,"column":51},"end":{"line":13,"column":4}}},"2":{"name":"register","decl":{"start":{"line":26,"column":22},"end":{"line":26,"column":30}},"loc":{"start":{"line":26,"column":78},"end":{"line":46,"column":1}}},"3":{"name":"login","decl":{"start":{"line":53,"column":22},"end":{"line":53,"column":27}},"loc":{"start":{"line":53,"column":75},"end":{"line":84,"column":1}}},"4":{"name":"logout","decl":{"start":{"line":91,"column":22},"end":{"line":91,"column":28}},"loc":{"start":{"line":91,"column":76},"end":{"line":104,"column":1}}},"5":{"name":"(anonymous_14)","decl":{"start":{"line":93,"column":24},"end":{"line":93,"column":25}},"loc":{"start":{"line":93,"column":32},"end":{"line":100,"column":5}}},"6":{"name":"isPostgresError","decl":{"start":{"line":117,"column":9},"end":{"line":117,"column":24}},"loc":{"start":{"line":117,"column":37},"end":{"line":119,"column":1}}},"7":{"name":"isAppError","decl":{"start":{"line":121,"column":9},"end":{"line":121,"column":19}},"loc":{"start":{"line":121,"column":32},"end":{"line":123,"column":1}}}},"branchMap":{"0":{"loc":{"start":{"line":29,"column":4},"end":{"line":32,"column":5}},"type":"if","locations":[{"start":{"line":29,"column":4},"end":{"line":32,"column":5}}]},"1":{"loc":{"start":{"line":40,"column":4},"end":{"line":43,"column":5}},"type":"if","locations":[{"start":{"line":40,"column":4},"end":{"line":43,"column":5}}]},"2":{"loc":{"start":{"line":40,"column":8},"end":{"line":40,"column":52}},"type":"binary-expr","locations":[{"start":{"line":40,"column":8},"end":{"line":40,"column":28}},{"start":{"line":40,"column":32},"end":{"line":40,"column":52}}]},"3":{"loc":{"start":{"line":56,"column":4},"end":{"line":59,"column":5}},"type":"if","locations":[{"start":{"line":56,"column":4},"end":{"line":59,"column":5}}]},"4":{"loc":{"start":{"line":73,"column":4},"end":{"line":75,"column":5}},"type":"if","locations":[{"start":{"line":73,"column":4},"end":{"line":75,"column":5}}]},"5":{"loc":{"start":{"line":78,"column":4},"end":{"line":81,"column":5}},"type":"if","locations":[{"start":{"line":78,"column":4},"end":{"line":81,"column":5}}]},"6":{"loc":{"start":{"line":78,"column":8},"end":{"line":78,"column":49}},"type":"binary-expr","locations":[{"start":{"line":78,"column":8},"end":{"line":78,"column":23}},{"start":{"line":78,"column":27},"end":{"line":78,"column":49}}]},"7":{"loc":{"start":{"line":94,"column":6},"end":{"line":97,"column":7}},"type":"if","locations":[{"start":{"line":94,"column":6},"end":{"line":97,"column":7}}]},"8":{"loc":{"start":{"line":118,"column":9},"end":{"line":118,"column":65}},"type":"binary-expr","locations":[{"start":{"line":118,"column":9},"end":{"line":118,"column":32}},{"start":{"line":118,"column":36},"end":{"line":118,"column":48}},{"start":{"line":118,"column":52},"end":{"line":118,"column":65}}]},"9":{"loc":{"start":{"line":122,"column":9},"end":{"line":122,"column":52}},"type":"binary-expr","locations":[{"start":{"line":122,"column":9},"end":{"line":122,"column":29}},{"start":{"line":122,"column":33},"end":{"line":122,"column":52}}]}},"s":{"0":5,"1":5,"2":5,"3":5,"4":5,"5":5,"6":305,"7":355,"8":305,"9":506,"10":506,"11":506,"12":304,"13":304,"14":202,"15":202,"16":101,"17":101,"18":101,"19":101,"20":0,"21":1303,"22":1303,"23":1303,"24":1,"25":1,"26":1302,"27":1302,"28":101,"29":101,"30":101,"31":1201,"32":1201,"33":1201,"34":1201,"35":1201,"36":0,"37":1,"38":1,"39":1,"40":0,"41":0,"42":1,"43":1,"44":0,"45":101,"46":1201},"f":{"0":305,"1":355,"2":506,"3":1303,"4":1,"5":1,"6":101,"7":1201},"b":{"0":[304],"1":[101],"2":[101,101],"3":[1],"4":[1201],"5":[1201],"6":[1201,1201],"7":[0],"8":[101,101,101],"9":[1201,1201]}}
,"C:\\Users\\sj716f\\Desktop\\Apprenticeship\\CapstoneProject\\backend\\src\\controllers\\availabilityController.ts": {"path":"C:\\Users\\sj716f\\Desktop\\Apprenticeship\\CapstoneProject\\backend\\src\\controllers\\availabilityController.ts","statementMap":{"0":{"start":{"line":24,"column":0},"end":{"line":24,"column":7}},"1":{"start":{"line":45,"column":0},"end":{"line":45,"column":7}},"2":{"start":{"line":2,"column":0},"end":{"line":2,"column":53}},"3":{"start":{"line":3,"column":0},"end":{"line":3,"column":61}},"4":{"start":{"line":9,"column":22},"end":{"line":12,"column":5}},"5":{"start":{"line":9,"column":51},"end":{"line":12,"column":4}},"6":{"start":{"line":14,"column":2},"end":{"line":17,"column":4}},"7":{"start":{"line":25,"column":2},"end":{"line":38,"column":3}},"8":{"start":{"line":26,"column":19},"end":{"line":26,"column":40}},"9":{"start":{"line":27,"column":4},"end":{"line":30,"column":5}},"10":{"start":{"line":28,"column":6},"end":{"line":28,"column":59}},"11":{"start":{"line":29,"column":6},"end":{"line":29,"column":13}},"12":{"start":{"line":32,"column":17},"end":{"line":32,"column":41}},"13":{"start":{"line":33,"column":17},"end":{"line":33,"column":63}},"14":{"start":{"line":35,"column":4},"end":{"line":35,"column":35}},"15":{"start":{"line":37,"column":4},"end":{"line":37,"column":14}},"16":{"start":{"line":46,"column":2},"end":{"line":59,"column":3}},"17":{"start":{"line":47,"column":19},"end":{"line":47,"column":40}},"18":{"start":{"line":48,"column":4},"end":{"line":51,"column":5}},"19":{"start":{"line":49,"column":6},"end":{"line":49,"column":59}},"20":{"start":{"line":50,"column":6},"end":{"line":50,"column":13}},"21":{"start":{"line":53,"column":17},"end":{"line":53,"column":41}},"22":{"start":{"line":54,"column":17},"end":{"line":54,"column":66}},"23":{"start":{"line":56,"column":4},"end":{"line":56,"column":35}},"24":{"start":{"line":58,"column":4},"end":{"line":58,"column":14}}},"fnMap":{"0":{"name":"formatValidationErrors","decl":{"start":{"line":8,"column":9},"end":{"line":8,"column":31}},"loc":{"start":{"line":8,"column":75},"end":{"line":18,"column":1}}},"1":{"name":"(anonymous_10)","decl":{"start":{"line":9,"column":41},"end":{"line":9,"column":42}},"loc":{"start":{"line":9,"column":51},"end":{"line":12,"column":4}}},"2":{"name":"getDeskAvailability","decl":{"start":{"line":24,"column":22},"end":{"line":24,"column":41}},"loc":{"start":{"line":24,"column":89},"end":{"line":39,"column":1}}},"3":{"name":"getParkingAvailability","decl":{"start":{"line":45,"column":22},"end":{"line":45,"column":44}},"loc":{"start":{"line":45,"column":92},"end":{"line":60,"column":1}}}},"branchMap":{"0":{"loc":{"start":{"line":27,"column":4},"end":{"line":30,"column":5}},"type":"if","locations":[{"start":{"line":27,"column":4},"end":{"line":30,"column":5}}]},"1":{"loc":{"start":{"line":48,"column":4},"end":{"line":51,"column":5}},"type":"if","locations":[{"start":{"line":48,"column":4},"end":{"line":51,"column":5}}]}},"s":{"0":4,"1":4,"2":4,"3":4,"4":3,"5":8,"6":3,"7":3,"8":3,"9":3,"10":2,"11":2,"12":1,"13":1,"14":1,"15":0,"16":2,"17":2,"18":2,"19":1,"20":1,"21":1,"22":1,"23":1,"24":0},"f":{"0":3,"1":8,"2":3,"3":2},"b":{"0":[2],"1":[1]}}
,"C:\\Users\\sj716f\\Desktop\\Apprenticeship\\CapstoneProject\\backend\\src\\controllers\\bookingController.ts": {"path":"C:\\Users\\sj716f\\Desktop\\Apprenticeship\\CapstoneProject\\backend\\src\\controllers\\bookingController.ts","statementMap":{"0":{"start":{"line":25,"column":0},"end":{"line":25,"column":7}},"1":{"start":{"line":51,"column":0},"end":{"line":51,"column":7}},"2":{"start":{"line":77,"column":0},"end":{"line":77,"column":7}},"3":{"start":{"line":104,"column":0},"end":{"line":104,"column":7}},"4":{"start":{"line":2,"column":0},"end":{"line":2,"column":53}},"5":{"start":{"line":3,"column":0},"end":{"line":3,"column":61}},"6":{"start":{"line":9,"column":22},"end":{"line":12,"column":5}},"7":{"start":{"line":9,"column":51},"end":{"line":12,"column":4}},"8":{"start":{"line":14,"column":2},"end":{"line":17,"column":4}},"9":{"start":{"line":26,"column":2},"end":{"line":43,"column":3}},"10":{"start":{"line":27,"column":19},"end":{"line":27,"column":40}},"11":{"start":{"line":28,"column":4},"end":{"line":31,"column":5}},"12":{"start":{"line":29,"column":6},"end":{"line":29,"column":59}},"13":{"start":{"line":30,"column":6},"end":{"line":30,"column":13}},"14":{"start":{"line":33,"column":29},"end":{"line":33,"column":37}},"15":{"start":{"line":34,"column":19},"end":{"line":34,"column":95}},"16":{"start":{"line":36,"column":4},"end":{"line":36,"column":43}},"17":{"start":{"line":38,"column":4},"end":{"line":41,"column":5}},"18":{"start":{"line":39,"column":6},"end":{"line":39,"column":62}},"19":{"start":{"line":40,"column":6},"end":{"line":40,"column":13}},"20":{"start":{"line":42,"column":4},"end":{"line":42,"column":14}},"21":{"start":{"line":52,"column":2},"end":{"line":69,"column":3}},"22":{"start":{"line":53,"column":19},"end":{"line":53,"column":40}},"23":{"start":{"line":54,"column":4},"end":{"line":57,"column":5}},"24":{"start":{"line":55,"column":6},"end":{"line":55,"column":59}},"25":{"start":{"line":56,"column":6},"end":{"line":56,"column":13}},"26":{"start":{"line":59,"column":36},"end":{"line":59,"column":44}},"27":{"start":{"line":60,"column":19},"end":{"line":60,"column":105}},"28":{"start":{"line":62,"column":4},"end":{"line":62,"column":43}},"29":{"start":{"line":64,"column":4},"end":{"line":67,"column":5}},"30":{"start":{"line":65,"column":6},"end":{"line":65,"column":62}},"31":{"start":{"line":66,"column":6},"end":{"line":66,"column":13}},"32":{"start":{"line":68,"column":4},"end":{"line":68,"column":14}},"33":{"start":{"line":78,"column":2},"end":{"line":95,"column":3}},"34":{"start":{"line":79,"column":22},"end":{"line":79,"column":49}},"35":{"start":{"line":81,"column":4},"end":{"line":84,"column":5}},"36":{"start":{"line":82,"column":6},"end":{"line":82,"column":60}},"37":{"start":{"line":83,"column":6},"end":{"line":83,"column":13}},"38":{"start":{"line":86,"column":4},"end":{"line":86,"column":64}},"39":{"start":{"line":88,"column":4},"end":{"line":88,"column":82}},"40":{"start":{"line":90,"column":4},"end":{"line":93,"column":5}},"41":{"start":{"line":91,"column":6},"end":{"line":91,"column":62}},"42":{"start":{"line":92,"column":6},"end":{"line":92,"column":13}},"43":{"start":{"line":94,"column":4},"end":{"line":94,"column":14}},"44":{"start":{"line":105,"column":2},"end":{"line":136,"column":3}},"45":{"start":{"line":106,"column":21},"end":{"line":106,"column":71}},"46":{"start":{"line":108,"column":30},"end":{"line":113,"column":7}},"47":{"start":{"line":108,"column":51},"end":{"line":113,"column":6}},"48":{"start":{"line":115,"column":4},"end":{"line":123,"column":5}},"49":{"start":{"line":116,"column":6},"end":{"line":121,"column":9}},"50":{"start":{"line":122,"column":6},"end":{"line":122,"column":13}},"51":{"start":{"line":125,"column":4},"end":{"line":129,"column":7}},"52":{"start":{"line":131,"column":4},"end":{"line":134,"column":5}},"53":{"start":{"line":132,"column":6},"end":{"line":132,"column":62}},"54":{"start":{"line":133,"column":6},"end":{"line":133,"column":13}},"55":{"start":{"line":135,"column":4},"end":{"line":135,"column":14}},"56":{"start":{"line":146,"column":2},"end":{"line":146,"column":53}}},"fnMap":{"0":{"name":"formatValidationErrors","decl":{"start":{"line":8,"column":9},"end":{"line":8,"column":31}},"loc":{"start":{"line":8,"column":75},"end":{"line":18,"column":1}}},"1":{"name":"(anonymous_10)","decl":{"start":{"line":9,"column":41},"end":{"line":9,"column":42}},"loc":{"start":{"line":9,"column":51},"end":{"line":12,"column":4}}},"2":{"name":"bookDesk","decl":{"start":{"line":25,"column":22},"end":{"line":25,"column":30}},"loc":{"start":{"line":25,"column":78},"end":{"line":44,"column":1}}},"3":{"name":"bookParking","decl":{"start":{"line":51,"column":22},"end":{"line":51,"column":33}},"loc":{"start":{"line":51,"column":81},"end":{"line":70,"column":1}}},"4":{"name":"cancelBooking","decl":{"start":{"line":77,"column":22},"end":{"line":77,"column":35}},"loc":{"start":{"line":77,"column":83},"end":{"line":96,"column":1}}},"5":{"name":"getMyBookings","decl":{"start":{"line":104,"column":22},"end":{"line":104,"column":35}},"loc":{"start":{"line":104,"column":83},"end":{"line":137,"column":1}}},"6":{"name":"(anonymous_15)","decl":{"start":{"line":108,"column":43},"end":{"line":108,"column":44}},"loc":{"start":{"line":108,"column":51},"end":{"line":113,"column":6}}},"7":{"name":"isAppError","decl":{"start":{"line":145,"column":9},"end":{"line":145,"column":19}},"loc":{"start":{"line":145,"column":32},"end":{"line":147,"column":1}}}},"branchMap":{"0":{"loc":{"start":{"line":28,"column":4},"end":{"line":31,"column":5}},"type":"if","locations":[{"start":{"line":28,"column":4},"end":{"line":31,"column":5}}]},"1":{"loc":{"start":{"line":38,"column":4},"end":{"line":41,"column":5}},"type":"if","locations":[{"start":{"line":38,"column":4},"end":{"line":41,"column":5}}]},"2":{"loc":{"start":{"line":38,"column":8},"end":{"line":38,"column":41}},"type":"binary-expr","locations":[{"start":{"line":38,"column":8},"end":{"line":38,"column":23}},{"start":{"line":38,"column":27},"end":{"line":38,"column":41}}]},"3":{"loc":{"start":{"line":54,"column":4},"end":{"line":57,"column":5}},"type":"if","locations":[{"start":{"line":54,"column":4},"end":{"line":57,"column":5}}]},"4":{"loc":{"start":{"line":64,"column":4},"end":{"line":67,"column":5}},"type":"if","locations":[{"start":{"line":64,"column":4},"end":{"line":67,"column":5}}]},"5":{"loc":{"start":{"line":64,"column":8},"end":{"line":64,"column":41}},"type":"binary-expr","locations":[{"start":{"line":64,"column":8},"end":{"line":64,"column":23}},{"start":{"line":64,"column":27},"end":{"line":64,"column":41}}]},"6":{"loc":{"start":{"line":81,"column":4},"end":{"line":84,"column":5}},"type":"if","locations":[{"start":{"line":81,"column":4},"end":{"line":84,"column":5}}]},"7":{"loc":{"start":{"line":90,"column":4},"end":{"line":93,"column":5}},"type":"if","locations":[{"start":{"line":90,"column":4},"end":{"line":93,"column":5}}]},"8":{"loc":{"start":{"line":90,"column":8},"end":{"line":90,"column":41}},"type":"binary-expr","locations":[{"start":{"line":90,"column":8},"end":{"line":90,"column":23}},{"start":{"line":90,"column":27},"end":{"line":90,"column":41}}]},"9":{"loc":{"start":{"line":115,"column":4},"end":{"line":123,"column":5}},"type":"if","locations":[{"start":{"line":115,"column":4},"end":{"line":123,"column":5}}]},"10":{"loc":{"start":{"line":131,"column":4},"end":{"line":134,"column":5}},"type":"if","locations":[{"start":{"line":131,"column":4},"end":{"line":134,"column":5}}]},"11":{"loc":{"start":{"line":131,"column":8},"end":{"line":131,"column":41}},"type":"binary-expr","locations":[{"start":{"line":131,"column":8},"end":{"line":131,"column":23}},{"start":{"line":131,"column":27},"end":{"line":131,"column":41}}]},"12":{"loc":{"start":{"line":146,"column":9},"end":{"line":146,"column":52}},"type":"binary-expr","locations":[{"start":{"line":146,"column":9},"end":{"line":146,"column":29}},{"start":{"line":146,"column":33},"end":{"line":146,"column":52}}]}},"s":{"0":4,"1":4,"2":4,"3":4,"4":4,"5":4,"6":3,"7":5,"8":3,"9":7,"10":7,"11":7,"12":2,"13":2,"14":5,"15":5,"16":2,"17":3,"18":3,"19":3,"20":0,"21":5,"22":5,"23":5,"24":1,"25":1,"26":4,"27":4,"28":2,"29":2,"30":2,"31":2,"32":0,"33":4,"34":4,"35":4,"36":1,"37":1,"38":3,"39":1,"40":2,"41":2,"42":2,"43":0,"44":7,"45":7,"46":6,"47":4,"48":6,"49":3,"50":3,"51":3,"52":1,"53":1,"54":1,"55":0,"56":8},"f":{"0":3,"1":5,"2":7,"3":5,"4":4,"5":7,"6":4,"7":8},"b":{"0":[2],"1":[3],"2":[3,3],"3":[1],"4":[2],"5":[2,2],"6":[1],"7":[2],"8":[2,2],"9":[3],"10":[1],"11":[1,1],"12":[8,8]}}
,"C:\\Users\\sj716f\\Desktop\\Apprenticeship\\CapstoneProject\\backend\\src\\middleware\\adminGuard.ts": {"path":"C:\\Users\\sj716f\\Desktop\\Apprenticeship\\CapstoneProject\\backend\\src\\middleware\\adminGuard.ts","statementMap":{"0":{"start":{"line":9,"column":0},"end":{"line":9,"column":16}},"1":{"start":{"line":10,"column":2},"end":{"line":13,"column":3}},"2":{"start":{"line":11,"column":4},"end":{"line":11,"column":53}},"3":{"start":{"line":12,"column":4},"end":{"line":12,"column":11}},"4":{"start":{"line":15,"column":2},"end":{"line":15,"column":9}}},"fnMap":{"0":{"name":"adminGuard","decl":{"start":{"line":9,"column":16},"end":{"line":9,"column":26}},"loc":{"start":{"line":9,"column":74},"end":{"line":16,"column":1}}}},"branchMap":{"0":{"loc":{"start":{"line":10,"column":2},"end":{"line":13,"column":3}},"type":"if","locations":[{"start":{"line":10,"column":2},"end":{"line":13,"column":3}}]},"1":{"loc":{"start":{"line":10,"column":6},"end":{"line":10,"column":44}},"type":"binary-expr","locations":[{"start":{"line":10,"column":6},"end":{"line":10,"column":15}},{"start":{"line":10,"column":19},"end":{"line":10,"column":44}}]}},"s":{"0":6,"1":134,"2":112,"3":112,"4":22},"f":{"0":134},"b":{"0":[112],"1":[134,132]}}
,"C:\\Users\\sj716f\\Desktop\\Apprenticeship\\CapstoneProject\\backend\\src\\middleware\\authGuard.ts": {"path":"C:\\Users\\sj716f\\Desktop\\Apprenticeship\\CapstoneProject\\backend\\src\\middleware\\authGuard.ts","statementMap":{"0":{"start":{"line":40,"column":0},"end":{"line":40,"column":16}},"1":{"start":{"line":41,"column":2},"end":{"line":44,"column":3}},"2":{"start":{"line":42,"column":4},"end":{"line":42,"column":63}},"3":{"start":{"line":43,"column":4},"end":{"line":43,"column":11}},"4":{"start":{"line":47,"column":2},"end":{"line":47,"column":30}},"5":{"start":{"line":48,"column":2},"end":{"line":48,"column":9}}},"fnMap":{"0":{"name":"authGuard","decl":{"start":{"line":40,"column":16},"end":{"line":40,"column":25}},"loc":{"start":{"line":40,"column":73},"end":{"line":49,"column":1}}}},"branchMap":{"0":{"loc":{"start":{"line":41,"column":2},"end":{"line":44,"column":3}},"type":"if","locations":[{"start":{"line":41,"column":2},"end":{"line":44,"column":3}}]},"1":{"loc":{"start":{"line":41,"column":6},"end":{"line":41,"column":39}},"type":"binary-expr","locations":[{"start":{"line":41,"column":6},"end":{"line":41,"column":18}},{"start":{"line":41,"column":22},"end":{"line":41,"column":39}}]}},"s":{"0":5,"1":66,"2":13,"3":13,"4":53,"5":53},"f":{"0":66},"b":{"0":[13],"1":[66,65]}}
,"C:\\Users\\sj716f\\Desktop\\Apprenticeship\\CapstoneProject\\backend\\src\\middleware\\rateLimiter.ts": {"path":"C:\\Users\\sj716f\\Desktop\\Apprenticeship\\CapstoneProject\\backend\\src\\middleware\\rateLimiter.ts","statementMap":{"0":{"start":{"line":19,"column":0},"end":{"line":19,"column":16}},"1":{"start":{"line":47,"column":0},"end":{"line":47,"column":16}},"2":{"start":{"line":70,"column":0},"end":{"line":70,"column":16}},"3":{"start":{"line":79,"column":0},"end":{"line":79,"column":16}},"4":{"start":{"line":104,"column":0},"end":{"line":104,"column":16}},"5":{"start":{"line":8,"column":18},"end":{"line":8,"column":32}},"6":{"start":{"line":9,"column":21},"end":{"line":9,"column":22}},"7":{"start":{"line":12,"column":22},"end":{"line":12,"column":56}},"8":{"start":{"line":20,"column":26},"end":{"line":20,"column":52}},"9":{"start":{"line":21,"column":17},"end":{"line":21,"column":51}},"10":{"start":{"line":23,"column":2},"end":{"line":25,"column":3}},"11":{"start":{"line":24,"column":4},"end":{"line":24,"column":29}},"12":{"start":{"line":27,"column":18},"end":{"line":27,"column":50}},"13":{"start":{"line":30,"column":2},"end":{"line":33,"column":3}},"14":{"start":{"line":31,"column":4},"end":{"line":31,"column":42}},"15":{"start":{"line":32,"column":4},"end":{"line":32,"column":29}},"16":{"start":{"line":36,"column":2},"end":{"line":39,"column":3}},"17":{"start":{"line":37,"column":23},"end":{"line":37,"column":62}},"18":{"start":{"line":38,"column":4},"end":{"line":38,"column":42}},"19":{"start":{"line":41,"column":2},"end":{"line":41,"column":27}},"20":{"start":{"line":48,"column":26},"end":{"line":48,"column":52}},"21":{"start":{"line":49,"column":17},"end":{"line":49,"column":51}},"22":{"start":{"line":51,"column":2},"end":{"line":54,"column":3}},"23":{"start":{"line":52,"column":4},"end":{"line":52,"column":79}},"24":{"start":{"line":53,"column":4},"end":{"line":53,"column":11}},"25":{"start":{"line":56,"column":18},"end":{"line":56,"column":50}},"26":{"start":{"line":59,"column":2},"end":{"line":62,"column":3}},"27":{"start":{"line":60,"column":4},"end":{"line":60,"column":79}},"28":{"start":{"line":61,"column":4},"end":{"line":61,"column":11}},"29":{"start":{"line":64,"column":2},"end":{"line":64,"column":20}},"30":{"start":{"line":71,"column":26},"end":{"line":71,"column":52}},"31":{"start":{"line":72,"column":2},"end":{"line":72,"column":40}},"32":{"start":{"line":80,"column":20},"end":{"line":80,"column":28}},"33":{"start":{"line":82,"column":2},"end":{"line":86,"column":3}},"34":{"start":{"line":84,"column":4},"end":{"line":84,"column":11}},"35":{"start":{"line":85,"column":4},"end":{"line":85,"column":11}},"36":{"start":{"line":88,"column":34},"end":{"line":88,"column":55}},"37":{"start":{"line":90,"column":2},"end":{"line":96,"column":3}},"38":{"start":{"line":91,"column":4},"end":{"line":94,"column":7}},"39":{"start":{"line":95,"column":4},"end":{"line":95,"column":11}},"40":{"start":{"line":98,"column":2},"end":{"line":98,"column":9}},"41":{"start":{"line":105,"column":2},"end":{"line":105,"column":24}}},"fnMap":{"0":{"name":"checkRateLimit","decl":{"start":{"line":19,"column":16},"end":{"line":19,"column":30}},"loc":{"start":{"line":19,"column":44},"end":{"line":42,"column":1}}},"1":{"name":"recordFailedAttempt","decl":{"start":{"line":47,"column":16},"end":{"line":47,"column":35}},"loc":{"start":{"line":47,"column":49},"end":{"line":65,"column":1}}},"2":{"name":"resetRateLimit","decl":{"start":{"line":70,"column":16},"end":{"line":70,"column":30}},"loc":{"start":{"line":70,"column":44},"end":{"line":73,"column":1}}},"3":{"name":"loginRateLimiter","decl":{"start":{"line":79,"column":16},"end":{"line":79,"column":32}},"loc":{"start":{"line":79,"column":80},"end":{"line":99,"column":1}}},"4":{"name":"clearRateLimitStore","decl":{"start":{"line":104,"column":16},"end":{"line":104,"column":35}},"loc":{"start":{"line":104,"column":35},"end":{"line":106,"column":1}}}},"branchMap":{"0":{"loc":{"start":{"line":23,"column":2},"end":{"line":25,"column":3}},"type":"if","locations":[{"start":{"line":23,"column":2},"end":{"line":25,"column":3}}]},"1":{"loc":{"start":{"line":30,"column":2},"end":{"line":33,"column":3}},"type":"if","locations":[{"start":{"line":30,"column":2},"end":{"line":33,"column":3}}]},"2":{"loc":{"start":{"line":36,"column":2},"end":{"line":39,"column":3}},"type":"if","locations":[{"start":{"line":36,"column":2},"end":{"line":39,"column":3}}]},"3":{"loc":{"start":{"line":51,"column":2},"end":{"line":54,"column":3}},"type":"if","locations":[{"start":{"line":51,"column":2},"end":{"line":54,"column":3}}]},"4":{"loc":{"start":{"line":59,"column":2},"end":{"line":62,"column":3}},"type":"if","locations":[{"start":{"line":59,"column":2},"end":{"line":62,"column":3}}]},"5":{"loc":{"start":{"line":82,"column":2},"end":{"line":86,"column":3}},"type":"if","locations":[{"start":{"line":82,"column":2},"end":{"line":86,"column":3}}]},"6":{"loc":{"start":{"line":90,"column":2},"end":{"line":96,"column":3}},"type":"if","locations":[{"start":{"line":90,"column":2},"end":{"line":96,"column":3}}]}},"s":{"0":5,"1":5,"2":5,"3":5,"4":5,"5":5,"6":5,"7":5,"8":1708,"9":1708,"10":1708,"11":503,"12":1205,"13":1205,"14":1,"15":1,"16":1204,"17":303,"18":303,"19":901,"20":1963,"21":1963,"22":1963,"23":606,"24":606,"25":1357,"26":1357,"27":0,"28":0,"29":1357,"30":101,"31":101,"32":1503,"33":1503,"34":1,"35":1,"36":1502,"37":1502,"38":201,"39":201,"40":1301,"41":717},"f":{"0":1708,"1":1963,"2":101,"3":1503,"4":717},"b":{"0":[503],"1":[1],"2":[303],"3":[606],"4":[0],"5":[1],"6":[201]}}
,"C:\\Users\\sj716f\\Desktop\\Apprenticeship\\CapstoneProject\\backend\\src\\services\\authService.ts": {"path":"C:\\Users\\sj716f\\Desktop\\Apprenticeship\\CapstoneProject\\backend\\src\\services\\authService.ts","statementMap":{"0":{"start":{"line":19,"column":0},"end":{"line":19,"column":7}},"1":{"start":{"line":41,"column":0},"end":{"line":41,"column":7}},"2":{"start":{"line":73,"column":0},"end":{"line":73,"column":7}},"3":{"start":{"line":81,"column":0},"end":{"line":81,"column":7}},"4":{"start":{"line":1,"column":0},"end":{"line":1,"column":28}},"5":{"start":{"line":2,"column":0},"end":{"line":2,"column":30}},"6":{"start":{"line":4,"column":20},"end":{"line":4,"column":22}},"7":{"start":{"line":24,"column":23},"end":{"line":24,"column":63}},"8":{"start":{"line":26,"column":17},"end":{"line":30,"column":null}},"9":{"start":{"line":33,"column":2},"end":{"line":33,"column":34}},"10":{"start":{"line":45,"column":17},"end":{"line":48,"column":null}},"11":{"start":{"line":51,"column":15},"end":{"line":51,"column":29}},"12":{"start":{"line":53,"column":2},"end":{"line":57,"column":3}},"13":{"start":{"line":55,"column":4},"end":{"line":55,"column":45}},"14":{"start":{"line":56,"column":4},"end":{"line":56,"column":28}},"15":{"start":{"line":59,"column":18},"end":{"line":59,"column":68}},"16":{"start":{"line":61,"column":2},"end":{"line":63,"column":3}},"17":{"start":{"line":62,"column":4},"end":{"line":62,"column":28}},"18":{"start":{"line":66,"column":41},"end":{"line":66,"column":45}},"19":{"start":{"line":67,"column":2},"end":{"line":67,"column":28}},"20":{"start":{"line":74,"column":2},"end":{"line":74,"column":71}},"21":{"start":{"line":84,"column":17},"end":{"line":86,"column":null}},"22":{"start":{"line":89,"column":2},"end":{"line":91,"column":3}},"23":{"start":{"line":90,"column":4},"end":{"line":90,"column":16}},"24":{"start":{"line":93,"column":27},"end":{"line":93,"column":41}},"25":{"start":{"line":96,"column":2},"end":{"line":100,"column":3}},"26":{"start":{"line":98,"column":4},"end":{"line":98,"column":73}},"27":{"start":{"line":99,"column":4},"end":{"line":99,"column":16}},"28":{"start":{"line":103,"column":22},"end":{"line":103,"column":72}},"29":{"start":{"line":105,"column":2},"end":{"line":107,"column":3}},"30":{"start":{"line":106,"column":4},"end":{"line":106,"column":16}},"31":{"start":{"line":109,"column":2},"end":{"line":109,"column":36}},"32":{"start":{"line":116,"column":14},"end":{"line":116,"column":86}},"33":{"start":{"line":117,"column":2},"end":{"line":117,"column":23}},"34":{"start":{"line":118,"column":2},"end":{"line":118,"column":13}}},"fnMap":{"0":{"name":"register","decl":{"start":{"line":19,"column":22},"end":{"line":19,"column":30}},"loc":{"start":{"line":22,"column":18},"end":{"line":34,"column":1}}},"1":{"name":"login","decl":{"start":{"line":41,"column":22},"end":{"line":41,"column":27}},"loc":{"start":{"line":43,"column":18},"end":{"line":68,"column":1}}},"2":{"name":"logout","decl":{"start":{"line":73,"column":22},"end":{"line":73,"column":28}},"loc":{"start":{"line":73,"column":46},"end":{"line":75,"column":1}}},"3":{"name":"validateSession","decl":{"start":{"line":81,"column":22},"end":{"line":81,"column":37}},"loc":{"start":{"line":82,"column":19},"end":{"line":110,"column":1}}},"4":{"name":"createAuthError","decl":{"start":{"line":115,"column":9},"end":{"line":115,"column":24}},"loc":{"start":{"line":115,"column":24},"end":{"line":119,"column":1}}}},"branchMap":{"0":{"loc":{"start":{"line":53,"column":2},"end":{"line":57,"column":3}},"type":"if","locations":[{"start":{"line":53,"column":2},"end":{"line":57,"column":3}}]},"1":{"loc":{"start":{"line":61,"column":2},"end":{"line":63,"column":3}},"type":"if","locations":[{"start":{"line":61,"column":2},"end":{"line":63,"column":3}}]},"2":{"loc":{"start":{"line":89,"column":2},"end":{"line":91,"column":3}},"type":"if","locations":[{"start":{"line":89,"column":2},"end":{"line":91,"column":3}}]},"3":{"loc":{"start":{"line":96,"column":2},"end":{"line":100,"column":3}},"type":"if","locations":[{"start":{"line":96,"column":2},"end":{"line":100,"column":3}}]},"4":{"loc":{"start":{"line":103,"column":22},"end":{"line":103,"column":72}},"type":"cond-expr","locations":[{"start":{"line":103,"column":49},"end":{"line":103,"column":65}},{"start":{"line":103,"column":68},"end":{"line":103,"column":72}}]},"5":{"loc":{"start":{"line":105,"column":2},"end":{"line":107,"column":3}},"type":"if","locations":[{"start":{"line":105,"column":2},"end":{"line":107,"column":3}}]}},"s":{"0":6,"1":6,"2":6,"3":6,"4":6,"5":6,"6":6,"7":203,"8":203,"9":103,"10":1605,"11":1605,"12":1605,"13":1202,"14":1202,"15":403,"16":403,"17":202,"18":201,"19":201,"20":1,"21":4,"22":4,"23":1,"24":3,"25":3,"26":1,"27":1,"28":2,"29":2,"30":1,"31":1,"32":1404,"33":1404,"34":1404},"f":{"0":203,"1":1605,"2":1,"3":4,"4":1404},"b":{"0":[1202],"1":[202],"2":[1],"3":[1],"4":[0,2],"5":[1]}}
,"C:\\Users\\sj716f\\Desktop\\Apprenticeship\\CapstoneProject\\backend\\src\\services\\bookingService.ts": {"path":"C:\\Users\\sj716f\\Desktop\\Apprenticeship\\CapstoneProject\\backend\\src\\services\\bookingService.ts","statementMap":{"0":{"start":{"line":54,"column":0},"end":{"line":54,"column":7}},"1":{"start":{"line":93,"column":0},"end":{"line":93,"column":7}},"2":{"start":{"line":131,"column":0},"end":{"line":131,"column":7}},"3":{"start":{"line":185,"column":0},"end":{"line":185,"column":7}},"4":{"start":{"line":203,"column":0},"end":{"line":203,"column":7}},"5":{"start":{"line":242,"column":0},"end":{"line":242,"column":7}},"6":{"start":{"line":332,"column":0},"end":{"line":332,"column":7}},"7":{"start":{"line":1,"column":0},"end":{"line":1,"column":30}},"8":{"start":{"line":21,"column":14},"end":{"line":21,"column":66}},"9":{"start":{"line":22,"column":2},"end":{"line":22,"column":30}},"10":{"start":{"line":23,"column":2},"end":{"line":23,"column":13}},"11":{"start":{"line":31,"column":16},"end":{"line":31,"column":26}},"12":{"start":{"line":32,"column":2},"end":{"line":32,"column":29}},"13":{"start":{"line":34,"column":22},"end":{"line":34,"column":36}},"14":{"start":{"line":35,"column":2},"end":{"line":35,"column":35}},"15":{"start":{"line":37,"column":2},"end":{"line":39,"column":3}},"16":{"start":{"line":38,"column":4},"end":{"line":38,"column":65}},"17":{"start":{"line":41,"column":18},"end":{"line":41,"column":33}},"18":{"start":{"line":42,"column":2},"end":{"line":42,"column":42}},"19":{"start":{"line":44,"column":2},"end":{"line":46,"column":3}},"20":{"start":{"line":45,"column":4},"end":{"line":45,"column":85}},"21":{"start":{"line":59,"column":2},"end":{"line":59,"column":28}},"22":{"start":{"line":62,"column":21},"end":{"line":64,"column":null}},"23":{"start":{"line":67,"column":2},"end":{"line":69,"column":3}},"24":{"start":{"line":68,"column":4},"end":{"line":68,"column":45}},"25":{"start":{"line":71,"column":2},"end":{"line":85,"column":3}},"26":{"start":{"line":72,"column":19},"end":{"line":76,"column":null}},"27":{"start":{"line":79,"column":4},"end":{"line":79,"column":39}},"28":{"start":{"line":81,"column":4},"end":{"line":83,"column":5}},"29":{"start":{"line":82,"column":6},"end":{"line":82,"column":69}},"30":{"start":{"line":84,"column":4},"end":{"line":84,"column":14}},"31":{"start":{"line":98,"column":2},"end":{"line":98,"column":28}},"32":{"start":{"line":101,"column":21},"end":{"line":103,"column":null}},"33":{"start":{"line":106,"column":2},"end":{"line":108,"column":3}},"34":{"start":{"line":107,"column":4},"end":{"line":107,"column":53}},"35":{"start":{"line":110,"column":2},"end":{"line":124,"column":3}},"36":{"start":{"line":111,"column":19},"end":{"line":115,"column":null}},"37":{"start":{"line":118,"column":4},"end":{"line":118,"column":39}},"38":{"start":{"line":120,"column":4},"end":{"line":122,"column":5}},"39":{"start":{"line":121,"column":6},"end":{"line":121,"column":77}},"40":{"start":{"line":123,"column":4},"end":{"line":123,"column":14}},"41":{"start":{"line":136,"column":24},"end":{"line":138,"column":null}},"42":{"start":{"line":141,"column":2},"end":{"line":143,"column":3}},"43":{"start":{"line":142,"column":4},"end":{"line":142,"column":48}},"44":{"start":{"line":145,"column":18},"end":{"line":145,"column":39}},"45":{"start":{"line":148,"column":2},"end":{"line":150,"column":3}},"46":{"start":{"line":149,"column":4},"end":{"line":149,"column":44}},"47":{"start":{"line":153,"column":16},"end":{"line":153,"column":26}},"48":{"start":{"line":154,"column":2},"end":{"line":154,"column":29}},"49":{"start":{"line":156,"column":22},"end":{"line":156,"column":52}},"50":{"start":{"line":157,"column":2},"end":{"line":157,"column":35}},"51":{"start":{"line":159,"column":2},"end":{"line":161,"column":3}},"52":{"start":{"line":160,"column":4},"end":{"line":160,"column":58}},"53":{"start":{"line":164,"column":2},"end":{"line":164,"column":70}},"54":{"start":{"line":186,"column":17},"end":{"line":193,"column":null}},"55":{"start":{"line":196,"column":2},"end":{"line":196,"column":21}},"56":{"start":{"line":204,"column":17},"end":{"line":211,"column":null}},"57":{"start":{"line":214,"column":2},"end":{"line":214,"column":21}},"58":{"start":{"line":245,"column":14},"end":{"line":245,"column":24}},"59":{"start":{"line":247,"column":19},"end":{"line":247,"column":139}},"60":{"start":{"line":252,"column":2},"end":{"line":285,"column":3}},"61":{"start":{"line":254,"column":23},"end":{"line":254,"column":105}},"62":{"start":{"line":255,"column":19},"end":{"line":255,"column":160}},"63":{"start":{"line":256,"column":4},"end":{"line":256,"column":25}},"64":{"start":{"line":257,"column":4},"end":{"line":257,"column":21}},"65":{"start":{"line":259,"column":4},"end":{"line":259,"column":35}},"66":{"start":{"line":260,"column":4},"end":{"line":260,"column":31}},"67":{"start":{"line":263,"column":22},"end":{"line":263,"column":43}},"68":{"start":{"line":264,"column":4},"end":{"line":266,"column":5}},"69":{"start":{"line":265,"column":6},"end":{"line":265,"column":68}},"70":{"start":{"line":269,"column":18},"end":{"line":269,"column":37}},"71":{"start":{"line":270,"column":16},"end":{"line":270,"column":33}},"72":{"start":{"line":271,"column":4},"end":{"line":273,"column":5}},"73":{"start":{"line":272,"column":6},"end":{"line":272,"column":68}},"74":{"start":{"line":276,"column":19},"end":{"line":276,"column":50}},"75":{"start":{"line":277,"column":21},"end":{"line":277,"column":51}},"76":{"start":{"line":278,"column":4},"end":{"line":280,"column":5}},"77":{"start":{"line":279,"column":6},"end":{"line":279,"column":65}},"78":{"start":{"line":282,"column":4},"end":{"line":284,"column":5}},"79":{"start":{"line":283,"column":6},"end":{"line":283,"column":66}},"80":{"start":{"line":288,"column":29},"end":{"line":288,"column":49}},"81":{"start":{"line":289,"column":27},"end":{"line":289,"column":29}},"82":{"start":{"line":291,"column":2},"end":{"line":294,"column":3}},"83":{"start":{"line":292,"column":4},"end":{"line":292,"column":53}},"84":{"start":{"line":293,"column":4},"end":{"line":293,"column":38}},"85":{"start":{"line":296,"column":16},"end":{"line":310,"column":4}},"86":{"start":{"line":312,"column":17},"end":{"line":312,"column":48}},"87":{"start":{"line":314,"column":42},"end":{"line":320,"column":5}},"88":{"start":{"line":314,"column":73},"end":{"line":320,"column":4}},"89":{"start":{"line":322,"column":2},"end":{"line":325,"column":4}},"90":{"start":{"line":335,"column":16},"end":{"line":335,"column":26}},"91":{"start":{"line":336,"column":2},"end":{"line":336,"column":29}},"92":{"start":{"line":338,"column":17},"end":{"line":350,"column":null}},"93":{"start":{"line":353,"column":2},"end":{"line":353,"column":21}}},"fnMap":{"0":{"name":"createError","decl":{"start":{"line":20,"column":9},"end":{"line":20,"column":20}},"loc":{"start":{"line":20,"column":56},"end":{"line":24,"column":1}}},"1":{"name":"validateBookingDate","decl":{"start":{"line":30,"column":9},"end":{"line":30,"column":28}},"loc":{"start":{"line":30,"column":39},"end":{"line":47,"column":1}}},"2":{"name":"createDeskBooking","decl":{"start":{"line":54,"column":22},"end":{"line":54,"column":39}},"loc":{"start":{"line":57,"column":12},"end":{"line":86,"column":1}}},"3":{"name":"createParkingBooking","decl":{"start":{"line":93,"column":22},"end":{"line":93,"column":42}},"loc":{"start":{"line":96,"column":12},"end":{"line":125,"column":1}}},"4":{"name":"cancelBooking","decl":{"start":{"line":131,"column":22},"end":{"line":131,"column":35}},"loc":{"start":{"line":133,"column":19},"end":{"line":165,"column":1}}},"5":{"name":"getDeskAvailability","decl":{"start":{"line":185,"column":22},"end":{"line":185,"column":41}},"loc":{"start":{"line":185,"column":54},"end":{"line":197,"column":1}}},"6":{"name":"getParkingAvailability","decl":{"start":{"line":203,"column":22},"end":{"line":203,"column":44}},"loc":{"start":{"line":203,"column":57},"end":{"line":215,"column":1}}},"7":{"name":"getBookingOverview","decl":{"start":{"line":242,"column":22},"end":{"line":242,"column":40}},"loc":{"start":{"line":243,"column":33},"end":{"line":326,"column":1}}},"8":{"name":"(anonymous_9)","decl":{"start":{"line":314,"column":58},"end":{"line":314,"column":59}},"loc":{"start":{"line":314,"column":73},"end":{"line":320,"column":4}}},"9":{"name":"getUserBookings","decl":{"start":{"line":332,"column":22},"end":{"line":332,"column":37}},"loc":{"start":{"line":333,"column":16},"end":{"line":354,"column":1}}}},"branchMap":{"0":{"loc":{"start":{"line":37,"column":2},"end":{"line":39,"column":3}},"type":"if","locations":[{"start":{"line":37,"column":2},"end":{"line":39,"column":3}}]},"1":{"loc":{"start":{"line":44,"column":2},"end":{"line":46,"column":3}},"type":"if","locations":[{"start":{"line":44,"column":2},"end":{"line":46,"column":3}}]},"2":{"loc":{"start":{"line":67,"column":2},"end":{"line":69,"column":3}},"type":"if","locations":[{"start":{"line":67,"column":2},"end":{"line":69,"column":3}}]},"3":{"loc":{"start":{"line":67,"column":6},"end":{"line":67,"column":67}},"type":"binary-expr","locations":[{"start":{"line":67,"column":6},"end":{"line":67,"column":34}},{"start":{"line":67,"column":38},"end":{"line":67,"column":67}}]},"4":{"loc":{"start":{"line":81,"column":4},"end":{"line":83,"column":5}},"type":"if","locations":[{"start":{"line":81,"column":4},"end":{"line":83,"column":5}}]},"5":{"loc":{"start":{"line":106,"column":2},"end":{"line":108,"column":3}},"type":"if","locations":[{"start":{"line":106,"column":2},"end":{"line":108,"column":3}}]},"6":{"loc":{"start":{"line":106,"column":6},"end":{"line":106,"column":67}},"type":"binary-expr","locations":[{"start":{"line":106,"column":6},"end":{"line":106,"column":34}},{"start":{"line":106,"column":38},"end":{"line":106,"column":67}}]},"7":{"loc":{"start":{"line":120,"column":4},"end":{"line":122,"column":5}},"type":"if","locations":[{"start":{"line":120,"column":4},"end":{"line":122,"column":5}}]},"8":{"loc":{"start":{"line":141,"column":2},"end":{"line":143,"column":3}},"type":"if","locations":[{"start":{"line":141,"column":2},"end":{"line":143,"column":3}}]},"9":{"loc":{"start":{"line":148,"column":2},"end":{"line":150,"column":3}},"type":"if","locations":[{"start":{"line":148,"column":2},"end":{"line":150,"column":3}}]},"10":{"loc":{"start":{"line":159,"column":2},"end":{"line":161,"column":3}},"type":"if","locations":[{"start":{"line":159,"column":2},"end":{"line":161,"column":3}}]},"11":{"loc":{"start":{"line":252,"column":2},"end":{"line":285,"column":3}},"type":"if","locations":[{"start":{"line":252,"column":2},"end":{"line":285,"column":3}},{"start":{"line":258,"column":9},"end":{"line":285,"column":3}}]},"12":{"loc":{"start":{"line":252,"column":6},"end":{"line":252,"column":44}},"type":"binary-expr","locations":[{"start":{"line":252,"column":6},"end":{"line":252,"column":24}},{"start":{"line":252,"column":28},"end":{"line":252,"column":44}}]},"13":{"loc":{"start":{"line":264,"column":4},"end":{"line":266,"column":5}},"type":"if","locations":[{"start":{"line":264,"column":4},"end":{"line":266,"column":5}}]},"14":{"loc":{"start":{"line":264,"column":8},"end":{"line":264,"column":62}},"type":"binary-expr","locations":[{"start":{"line":264,"column":8},"end":{"line":264,"column":34}},{"start":{"line":264,"column":38},"end":{"line":264,"column":62}}]},"15":{"loc":{"start":{"line":271,"column":4},"end":{"line":273,"column":5}},"type":"if","locations":[{"start":{"line":271,"column":4},"end":{"line":273,"column":5}}]},"16":{"loc":{"start":{"line":271,"column":8},"end":{"line":271,"column":54}},"type":"binary-expr","locations":[{"start":{"line":271,"column":8},"end":{"line":271,"column":30}},{"start":{"line":271,"column":34},"end":{"line":271,"column":54}}]},"17":{"loc":{"start":{"line":278,"column":4},"end":{"line":280,"column":5}},"type":"if","locations":[{"start":{"line":278,"column":4},"end":{"line":280,"column":5}}]},"18":{"loc":{"start":{"line":282,"column":4},"end":{"line":284,"column":5}},"type":"if","locations":[{"start":{"line":282,"column":4},"end":{"line":284,"column":5}}]},"19":{"loc":{"start":{"line":291,"column":2},"end":{"line":294,"column":3}},"type":"if","locations":[{"start":{"line":291,"column":2},"end":{"line":294,"column":3}}]}},"s":{"0":10,"1":10,"2":10,"3":10,"4":10,"5":10,"6":10,"7":10,"8":1317,"9":1317,"10":1317,"11":1415,"12":1415,"13":1415,"14":1415,"15":1415,"16":202,"17":1213,"18":1213,"19":1213,"20":202,"21":809,"22":607,"23":607,"24":202,"25":405,"26":405,"27":303,"28":102,"29":101,"30":1,"31":606,"32":404,"33":404,"34":202,"35":202,"36":202,"37":101,"38":101,"39":101,"40":0,"41":305,"42":305,"43":1,"44":304,"45":304,"46":101,"47":203,"48":203,"49":203,"50":203,"51":203,"52":101,"53":102,"54":300,"55":300,"56":100,"57":100,"58":216,"59":216,"60":216,"61":7,"62":7,"63":7,"64":7,"65":209,"66":209,"67":209,"68":209,"69":1,"70":208,"71":208,"72":208,"73":1,"74":207,"75":207,"76":207,"77":101,"78":106,"79":1,"80":112,"81":112,"82":112,"83":84,"84":84,"85":112,"86":112,"87":112,"88":21156,"89":112,"90":303,"91":303,"92":303,"93":303},"f":{"0":1317,"1":1415,"2":809,"3":606,"4":305,"5":300,"6":100,"7":216,"8":21156,"9":303},"b":{"0":[202],"1":[202],"2":[202],"3":[607,506],"4":[101],"5":[202],"6":[404,303],"7":[101],"8":[1],"9":[101],"10":[101],"11":[7,209],"12":[216,7],"13":[1],"14":[209,208],"15":[1],"16":[208,207],"17":[101],"18":[1],"19":[84]}}
,"C:\\Users\\sj716f\\Desktop\\Apprenticeship\\CapstoneProject\\backend\\src\\services\\resourceService.ts": {"path":"C:\\Users\\sj716f\\Desktop\\Apprenticeship\\CapstoneProject\\backend\\src\\services\\resourceService.ts","statementMap":{"0":{"start":{"line":34,"column":0},"end":{"line":34,"column":7}},"1":{"start":{"line":57,"column":0},"end":{"line":57,"column":7}},"2":{"start":{"line":111,"column":0},"end":{"line":111,"column":7}},"3":{"start":{"line":144,"column":0},"end":{"line":144,"column":7}},"4":{"start":{"line":170,"column":0},"end":{"line":170,"column":7}},"5":{"start":{"line":224,"column":0},"end":{"line":224,"column":7}},"6":{"start":{"line":1,"column":0},"end":{"line":1,"column":30}},"7":{"start":{"line":25,"column":14},"end":{"line":25,"column":66}},"8":{"start":{"line":26,"column":2},"end":{"line":26,"column":30}},"9":{"start":{"line":27,"column":2},"end":{"line":27,"column":13}},"10":{"start":{"line":35,"column":2},"end":{"line":49,"column":3}},"11":{"start":{"line":36,"column":19},"end":{"line":40,"column":null}},"12":{"start":{"line":43,"column":4},"end":{"line":43,"column":36}},"13":{"start":{"line":45,"column":4},"end":{"line":47,"column":5}},"14":{"start":{"line":46,"column":6},"end":{"line":46,"column":58}},"15":{"start":{"line":48,"column":4},"end":{"line":48,"column":14}},"16":{"start":{"line":62,"column":19},"end":{"line":64,"column":null}},"17":{"start":{"line":67,"column":2},"end":{"line":69,"column":3}},"18":{"start":{"line":68,"column":4},"end":{"line":68,"column":45}},"19":{"start":{"line":71,"column":31},"end":{"line":71,"column":33}},"20":{"start":{"line":72,"column":24},"end":{"line":72,"column":26}},"21":{"start":{"line":73,"column":19},"end":{"line":73,"column":20}},"22":{"start":{"line":75,"column":2},"end":{"line":79,"column":3}},"23":{"start":{"line":76,"column":4},"end":{"line":76,"column":51}},"24":{"start":{"line":77,"column":4},"end":{"line":77,"column":33}},"25":{"start":{"line":78,"column":4},"end":{"line":78,"column":17}},"26":{"start":{"line":81,"column":2},"end":{"line":85,"column":3}},"27":{"start":{"line":82,"column":4},"end":{"line":82,"column":46}},"28":{"start":{"line":83,"column":4},"end":{"line":83,"column":28}},"29":{"start":{"line":84,"column":4},"end":{"line":84,"column":17}},"30":{"start":{"line":87,"column":2},"end":{"line":87,"column":40}},"31":{"start":{"line":88,"column":2},"end":{"line":88,"column":22}},"32":{"start":{"line":90,"column":2},"end":{"line":103,"column":3}},"33":{"start":{"line":91,"column":19},"end":{"line":94,"column":null}},"34":{"start":{"line":97,"column":4},"end":{"line":97,"column":36}},"35":{"start":{"line":99,"column":4},"end":{"line":101,"column":5}},"36":{"start":{"line":100,"column":6},"end":{"line":100,"column":58}},"37":{"start":{"line":102,"column":4},"end":{"line":102,"column":14}},"38":{"start":{"line":113,"column":19},"end":{"line":115,"column":null}},"39":{"start":{"line":118,"column":2},"end":{"line":120,"column":3}},"40":{"start":{"line":119,"column":4},"end":{"line":119,"column":45}},"41":{"start":{"line":123,"column":25},"end":{"line":127,"column":null}},"42":{"start":{"line":130,"column":2},"end":{"line":132,"column":3}},"43":{"start":{"line":131,"column":4},"end":{"line":131,"column":59}},"44":{"start":{"line":134,"column":2},"end":{"line":137,"column":4}},"45":{"start":{"line":148,"column":2},"end":{"line":162,"column":3}},"46":{"start":{"line":149,"column":19},"end":{"line":153,"column":null}},"47":{"start":{"line":156,"column":4},"end":{"line":156,"column":36}},"48":{"start":{"line":158,"column":4},"end":{"line":160,"column":5}},"49":{"start":{"line":159,"column":6},"end":{"line":159,"column":58}},"50":{"start":{"line":161,"column":4},"end":{"line":161,"column":14}},"51":{"start":{"line":175,"column":19},"end":{"line":177,"column":null}},"52":{"start":{"line":180,"column":2},"end":{"line":182,"column":3}},"53":{"start":{"line":181,"column":4},"end":{"line":181,"column":53}},"54":{"start":{"line":184,"column":31},"end":{"line":184,"column":33}},"55":{"start":{"line":185,"column":24},"end":{"line":185,"column":26}},"56":{"start":{"line":186,"column":19},"end":{"line":186,"column":20}},"57":{"start":{"line":188,"column":2},"end":{"line":192,"column":3}},"58":{"start":{"line":189,"column":4},"end":{"line":189,"column":51}},"59":{"start":{"line":190,"column":4},"end":{"line":190,"column":33}},"60":{"start":{"line":191,"column":4},"end":{"line":191,"column":17}},"61":{"start":{"line":194,"column":2},"end":{"line":198,"column":3}},"62":{"start":{"line":195,"column":4},"end":{"line":195,"column":55}},"63":{"start":{"line":196,"column":4},"end":{"line":196,"column":36}},"64":{"start":{"line":197,"column":4},"end":{"line":197,"column":17}},"65":{"start":{"line":200,"column":2},"end":{"line":200,"column":40}},"66":{"start":{"line":201,"column":2},"end":{"line":201,"column":22}},"67":{"start":{"line":203,"column":2},"end":{"line":216,"column":3}},"68":{"start":{"line":204,"column":19},"end":{"line":207,"column":null}},"69":{"start":{"line":210,"column":4},"end":{"line":210,"column":36}},"70":{"start":{"line":212,"column":4},"end":{"line":214,"column":5}},"71":{"start":{"line":213,"column":6},"end":{"line":213,"column":58}},"72":{"start":{"line":215,"column":4},"end":{"line":215,"column":14}},"73":{"start":{"line":226,"column":19},"end":{"line":228,"column":null}},"74":{"start":{"line":231,"column":2},"end":{"line":233,"column":3}},"75":{"start":{"line":232,"column":4},"end":{"line":232,"column":53}},"76":{"start":{"line":236,"column":25},"end":{"line":240,"column":null}},"77":{"start":{"line":243,"column":2},"end":{"line":245,"column":3}},"78":{"start":{"line":244,"column":4},"end":{"line":244,"column":59}},"79":{"start":{"line":247,"column":2},"end":{"line":250,"column":4}}},"fnMap":{"0":{"name":"createError","decl":{"start":{"line":24,"column":9},"end":{"line":24,"column":20}},"loc":{"start":{"line":24,"column":56},"end":{"line":28,"column":1}}},"1":{"name":"addDesk","decl":{"start":{"line":34,"column":22},"end":{"line":34,"column":29}},"loc":{"start":{"line":34,"column":63},"end":{"line":50,"column":1}}},"2":{"name":"updateDesk","decl":{"start":{"line":57,"column":22},"end":{"line":57,"column":32}},"loc":{"start":{"line":59,"column":47},"end":{"line":104,"column":1}}},"3":{"name":"deactivateDesk","decl":{"start":{"line":111,"column":22},"end":{"line":111,"column":36}},"loc":{"start":{"line":111,"column":51},"end":{"line":138,"column":1}}},"4":{"name":"addParkingSpot","decl":{"start":{"line":144,"column":22},"end":{"line":144,"column":36}},"loc":{"start":{"line":146,"column":23},"end":{"line":163,"column":1}}},"5":{"name":"updateParkingSpot","decl":{"start":{"line":170,"column":22},"end":{"line":170,"column":39}},"loc":{"start":{"line":172,"column":55},"end":{"line":217,"column":1}}},"6":{"name":"deactivateParkingSpot","decl":{"start":{"line":224,"column":22},"end":{"line":224,"column":43}},"loc":{"start":{"line":224,"column":58},"end":{"line":251,"column":1}}}},"branchMap":{"0":{"loc":{"start":{"line":45,"column":4},"end":{"line":47,"column":5}},"type":"if","locations":[{"start":{"line":45,"column":4},"end":{"line":47,"column":5}}]},"1":{"loc":{"start":{"line":67,"column":2},"end":{"line":69,"column":3}},"type":"if","locations":[{"start":{"line":67,"column":2},"end":{"line":69,"column":3}}]},"2":{"loc":{"start":{"line":75,"column":2},"end":{"line":79,"column":3}},"type":"if","locations":[{"start":{"line":75,"column":2},"end":{"line":79,"column":3}}]},"3":{"loc":{"start":{"line":81,"column":2},"end":{"line":85,"column":3}},"type":"if","locations":[{"start":{"line":81,"column":2},"end":{"line":85,"column":3}}]},"4":{"loc":{"start":{"line":99,"column":4},"end":{"line":101,"column":5}},"type":"if","locations":[{"start":{"line":99,"column":4},"end":{"line":101,"column":5}}]},"5":{"loc":{"start":{"line":118,"column":2},"end":{"line":120,"column":3}},"type":"if","locations":[{"start":{"line":118,"column":2},"end":{"line":120,"column":3}}]},"6":{"loc":{"start":{"line":130,"column":2},"end":{"line":132,"column":3}},"type":"if","locations":[{"start":{"line":130,"column":2},"end":{"line":132,"column":3}}]},"7":{"loc":{"start":{"line":158,"column":4},"end":{"line":160,"column":5}},"type":"if","locations":[{"start":{"line":158,"column":4},"end":{"line":160,"column":5}}]},"8":{"loc":{"start":{"line":180,"column":2},"end":{"line":182,"column":3}},"type":"if","locations":[{"start":{"line":180,"column":2},"end":{"line":182,"column":3}}]},"9":{"loc":{"start":{"line":188,"column":2},"end":{"line":192,"column":3}},"type":"if","locations":[{"start":{"line":188,"column":2},"end":{"line":192,"column":3}}]},"10":{"loc":{"start":{"line":194,"column":2},"end":{"line":198,"column":3}},"type":"if","locations":[{"start":{"line":194,"column":2},"end":{"line":198,"column":3}}]},"11":{"loc":{"start":{"line":212,"column":4},"end":{"line":214,"column":5}},"type":"if","locations":[{"start":{"line":212,"column":4},"end":{"line":214,"column":5}}]},"12":{"loc":{"start":{"line":231,"column":2},"end":{"line":233,"column":3}},"type":"if","locations":[{"start":{"line":231,"column":2},"end":{"line":233,"column":3}}]},"13":{"loc":{"start":{"line":243,"column":2},"end":{"line":245,"column":3}},"type":"if","locations":[{"start":{"line":243,"column":2},"end":{"line":245,"column":3}}]}},"s":{"0":6,"1":6,"2":6,"3":6,"4":6,"5":6,"6":6,"7":411,"8":411,"9":411,"10":203,"11":203,"12":101,"13":102,"14":101,"15":1,"16":6,"17":6,"18":2,"19":4,"20":4,"21":4,"22":4,"23":3,"24":3,"25":3,"26":4,"27":2,"28":2,"29":2,"30":4,"31":4,"32":4,"33":4,"34":3,"35":1,"36":1,"37":0,"38":104,"39":104,"40":1,"41":103,"42":103,"43":101,"44":2,"45":203,"46":203,"47":101,"48":102,"49":101,"50":1,"51":5,"52":5,"53":1,"54":4,"55":4,"56":4,"57":4,"58":3,"59":3,"60":3,"61":4,"62":2,"63":2,"64":2,"65":4,"66":4,"67":4,"68":4,"69":3,"70":1,"71":1,"72":0,"73":104,"74":104,"75":1,"76":103,"77":103,"78":101,"79":2},"f":{"0":411,"1":203,"2":6,"3":104,"4":203,"5":5,"6":104},"b":{"0":[101],"1":[2],"2":[3],"3":[2],"4":[1],"5":[1],"6":[101],"7":[101],"8":[1],"9":[3],"10":[2],"11":[1],"12":[1],"13":[101]}}
,"C:\\Users\\sj716f\\Desktop\\Apprenticeship\\CapstoneProject\\backend\\src\\utils\\escapeHtml.ts": {"path":"C:\\Users\\sj716f\\Desktop\\Apprenticeship\\CapstoneProject\\backend\\src\\utils\\escapeHtml.ts","statementMap":{"0":{"start":{"line":8,"column":0},"end":{"line":8,"column":16}},"1":{"start":{"line":9,"column":2},"end":{"line":14,"column":29}}},"fnMap":{"0":{"name":"escapeHtml","decl":{"start":{"line":8,"column":16},"end":{"line":8,"column":26}},"loc":{"start":{"line":8,"column":40},"end":{"line":15,"column":1}}}},"branchMap":{},"s":{"0":5,"1":14},"f":{"0":14},"b":{}}
,"C:\\Users\\sj716f\\Desktop\\Apprenticeship\\CapstoneProject\\backend\\src\\validators\\adminValidators.ts": {"path":"C:\\Users\\sj716f\\Desktop\\Apprenticeship\\CapstoneProject\\backend\\src\\validators\\adminValidators.ts","statementMap":{"0":{"start":{"line":1,"column":0},"end":{"line":1,"column":41}},"1":{"start":{"line":8,"column":13},"end":{"line":23,"column":2}},"2":{"start":{"line":30,"column":13},"end":{"line":43,"column":2}},"3":{"start":{"line":50,"column":13},"end":{"line":68,"column":2}},"4":{"start":{"line":75,"column":13},"end":{"line":91,"column":2}}},"fnMap":{},"branchMap":{},"s":{"0":4,"1":4,"2":4,"3":4,"4":4},"f":{},"b":{}}
,"C:\\Users\\sj716f\\Desktop\\Apprenticeship\\CapstoneProject\\backend\\src\\validators\\authValidators.ts": {"path":"C:\\Users\\sj716f\\Desktop\\Apprenticeship\\CapstoneProject\\backend\\src\\validators\\authValidators.ts","statementMap":{"0":{"start":{"line":1,"column":0},"end":{"line":1,"column":41}},"1":{"start":{"line":6,"column":13},"end":{"line":28,"column":2}},"2":{"start":{"line":33,"column":13},"end":{"line":43,"column":2}}},"fnMap":{},"branchMap":{},"s":{"0":5,"1":5,"2":5},"f":{},"b":{}}
,"C:\\Users\\sj716f\\Desktop\\Apprenticeship\\CapstoneProject\\backend\\src\\validators\\availabilityValidators.ts": {"path":"C:\\Users\\sj716f\\Desktop\\Apprenticeship\\CapstoneProject\\backend\\src\\validators\\availabilityValidators.ts","statementMap":{"0":{"start":{"line":1,"column":0},"end":{"line":1,"column":42}},"1":{"start":{"line":7,"column":13},"end":{"line":20,"column":2}},"2":{"start":{"line":14,"column":21},"end":{"line":14,"column":36}},"3":{"start":{"line":15,"column":6},"end":{"line":17,"column":7}},"4":{"start":{"line":16,"column":8},"end":{"line":16,"column":62}},"5":{"start":{"line":18,"column":6},"end":{"line":18,"column":18}}},"fnMap":{"0":{"name":"(anonymous_0)","decl":{"start":{"line":13,"column":12},"end":{"line":13,"column":13}},"loc":{"start":{"line":13,"column":30},"end":{"line":19,"column":5}}}},"branchMap":{"0":{"loc":{"start":{"line":15,"column":6},"end":{"line":17,"column":7}},"type":"if","locations":[{"start":{"line":15,"column":6},"end":{"line":17,"column":7}}]}},"s":{"0":4,"1":4,"2":5,"3":5,"4":3,"5":2},"f":{"0":5},"b":{"0":[3]}}
,"C:\\Users\\sj716f\\Desktop\\Apprenticeship\\CapstoneProject\\backend\\src\\validators\\bookingValidators.ts": {"path":"C:\\Users\\sj716f\\Desktop\\Apprenticeship\\CapstoneProject\\backend\\src\\validators\\bookingValidators.ts","statementMap":{"0":{"start":{"line":1,"column":0},"end":{"line":1,"column":41}},"1":{"start":{"line":6,"column":13},"end":{"line":18,"column":2}},"2":{"start":{"line":23,"column":13},"end":{"line":35,"column":2}}},"fnMap":{},"branchMap":{},"s":{"0":4,"1":4,"2":4},"f":{},"b":{}}
}
