TN:
SF:src\controllers\adminController.ts
FN:8,formatValidationErrors
FN:9,(anonymous_10)
FN:25,isAppError
FN:34,createDesk
FN:60,updateDesk
FN:95,deleteDesk
FN:120,createParking
FN:146,updateParking
FN:181,deleteParking
FNF:9
FNH:9
FNDA:2,formatValidationErrors
FNDA:6,(anonymous_10)
FNDA:8,isAppError
FNDA:3,createDesk
FNDA:2,updateDesk
FNDA:3,deleteDesk
FNDA:3,createParking
FNDA:2,updateParking
FNDA:3,deleteParking
DA:2,4
DA:3,4
DA:9,6
DA:14,2
DA:26,8
DA:34,4
DA:35,3
DA:36,3
DA:37,3
DA:38,1
DA:39,1
DA:42,2
DA:43,2
DA:45,1
DA:47,1
DA:48,1
DA:49,1
DA:51,0
DA:60,4
DA:61,2
DA:62,2
DA:63,2
DA:64,0
DA:65,0
DA:68,2
DA:69,2
DA:70,0
DA:71,0
DA:74,2
DA:75,2
DA:76,2
DA:78,2
DA:80,1
DA:82,1
DA:83,1
DA:84,1
DA:86,0
DA:95,4
DA:96,3
DA:97,3
DA:98,3
DA:99,0
DA:100,0
DA:103,3
DA:105,1
DA:107,2
DA:108,2
DA:109,2
DA:111,0
DA:120,4
DA:121,3
DA:122,3
DA:123,3
DA:124,1
DA:125,1
DA:128,2
DA:129,2
DA:131,1
DA:133,1
DA:134,1
DA:135,1
DA:137,0
DA:146,4
DA:147,2
DA:148,2
DA:149,2
DA:150,0
DA:151,0
DA:154,2
DA:155,2
DA:156,0
DA:157,0
DA:160,2
DA:161,2
DA:162,2
DA:164,2
DA:166,1
DA:168,1
DA:169,1
DA:170,1
DA:172,0
DA:181,4
DA:182,3
DA:183,3
DA:184,3
DA:185,0
DA:186,0
DA:189,3
DA:191,1
DA:193,2
DA:194,2
DA:195,2
DA:197,0
LF:93
LH:75
BRDA:26,0,0,8
BRDA:26,0,1,8
BRDA:37,1,0,1
BRDA:47,2,0,1
BRDA:47,3,0,1
BRDA:47,3,1,1
BRDA:63,4,0,0
BRDA:69,5,0,0
BRDA:75,6,0,2
BRDA:76,7,0,1
BRDA:82,8,0,1
BRDA:82,9,0,1
BRDA:82,9,1,1
BRDA:98,10,0,0
BRDA:107,11,0,2
BRDA:107,12,0,2
BRDA:107,12,1,2
BRDA:123,13,0,1
BRDA:133,14,0,1
BRDA:133,15,0,1
BRDA:133,15,1,1
BRDA:149,16,0,0
BRDA:155,17,0,0
BRDA:161,18,0,2
BRDA:162,19,0,1
BRDA:168,20,0,1
BRDA:168,21,0,1
BRDA:168,21,1,1
BRDA:184,22,0,0
BRDA:193,23,0,2
BRDA:193,24,0,2
BRDA:193,24,1,2
BRF:32
BRH:26
end_of_record
TN:
SF:src\controllers\authController.ts
FN:9,formatValidationErrors
FN:10,(anonymous_10)
FN:26,register
FN:53,login
FN:91,logout
FN:93,(anonymous_14)
FN:117,isPostgresError
FN:121,isAppError
FNF:8
FNH:8
FNDA:305,formatValidationErrors
FNDA:355,(anonymous_10)
FNDA:506,register
FNDA:1303,login
FNDA:1,logout
FNDA:1,(anonymous_14)
FNDA:101,isPostgresError
FNDA:1201,isAppError
DA:2,5
DA:3,5
DA:4,5
DA:10,355
DA:15,305
DA:26,5
DA:27,506
DA:28,506
DA:29,506
DA:30,304
DA:31,304
DA:34,202
DA:35,202
DA:37,101
DA:40,101
DA:41,101
DA:42,101
DA:44,0
DA:53,5
DA:54,1303
DA:55,1303
DA:56,1303
DA:57,1
DA:58,1
DA:61,1302
DA:62,1302
DA:65,101
DA:68,101
DA:70,101
DA:73,1201
DA:74,1201
DA:78,1201
DA:79,1201
DA:80,1201
DA:82,0
DA:91,5
DA:92,1
DA:93,1
DA:94,1
DA:95,0
DA:96,0
DA:98,1
DA:99,1
DA:102,0
DA:118,101
DA:122,1201
LF:46
LH:41
BRDA:29,0,0,304
BRDA:40,1,0,101
BRDA:40,2,0,101
BRDA:40,2,1,101
BRDA:56,3,0,1
BRDA:73,4,0,1201
BRDA:78,5,0,1201
BRDA:78,6,0,1201
BRDA:78,6,1,1201
BRDA:94,7,0,0
BRDA:118,8,0,101
BRDA:118,8,1,101
BRDA:118,8,2,101
BRDA:122,9,0,1201
BRDA:122,9,1,1201
BRF:15
BRH:14
end_of_record
TN:
SF:src\controllers\availabilityController.ts
FN:8,formatValidationErrors
FN:9,(anonymous_10)
FN:24,getDeskAvailability
FN:45,getParkingAvailability
FNF:4
FNH:4
FNDA:3,formatValidationErrors
FNDA:8,(anonymous_10)
FNDA:3,getDeskAvailability
FNDA:2,getParkingAvailability
DA:2,4
DA:3,4
DA:9,8
DA:14,3
DA:24,4
DA:25,3
DA:26,3
DA:27,3
DA:28,2
DA:29,2
DA:32,1
DA:33,1
DA:35,1
DA:37,0
DA:45,4
DA:46,2
DA:47,2
DA:48,2
DA:49,1
DA:50,1
DA:53,1
DA:54,1
DA:56,1
DA:58,0
LF:24
LH:22
BRDA:27,0,0,2
BRDA:48,1,0,1
BRF:2
BRH:2
end_of_record
TN:
SF:src\controllers\bookingController.ts
FN:8,formatValidationErrors
FN:9,(anonymous_10)
FN:25,bookDesk
FN:51,bookParking
FN:77,cancelBooking
FN:104,getMyBookings
FN:108,(anonymous_15)
FN:145,isAppError
FNF:8
FNH:8
FNDA:3,formatValidationErrors
FNDA:5,(anonymous_10)
FNDA:7,bookDesk
FNDA:5,bookParking
FNDA:4,cancelBooking
FNDA:7,getMyBookings
FNDA:4,(anonymous_15)
FNDA:8,isAppError
DA:2,4
DA:3,4
DA:9,5
DA:14,3
DA:25,4
DA:26,7
DA:27,7
DA:28,7
DA:29,2
DA:30,2
DA:33,5
DA:34,5
DA:36,2
DA:38,3
DA:39,3
DA:40,3
DA:42,0
DA:51,4
DA:52,5
DA:53,5
DA:54,5
DA:55,1
DA:56,1
DA:59,4
DA:60,4
DA:62,2
DA:64,2
DA:65,2
DA:66,2
DA:68,0
DA:77,4
DA:78,4
DA:79,4
DA:81,4
DA:82,1
DA:83,1
DA:86,3
DA:88,1
DA:90,2
DA:91,2
DA:92,2
DA:94,0
DA:104,4
DA:105,7
DA:106,7
DA:108,6
DA:115,6
DA:116,3
DA:122,3
DA:125,3
DA:131,1
DA:132,1
DA:133,1
DA:135,0
DA:146,8
LF:55
LH:51
BRDA:28,0,0,2
BRDA:38,1,0,3
BRDA:38,2,0,3
BRDA:38,2,1,3
BRDA:54,3,0,1
BRDA:64,4,0,2
BRDA:64,5,0,2
BRDA:64,5,1,2
BRDA:81,6,0,1
BRDA:90,7,0,2
BRDA:90,8,0,2
BRDA:90,8,1,2
BRDA:115,9,0,3
BRDA:131,10,0,1
BRDA:131,11,0,1
BRDA:131,11,1,1
BRDA:146,12,0,8
BRDA:146,12,1,8
BRF:18
BRH:18
end_of_record
TN:
SF:src\middleware\adminGuard.ts
FN:9,adminGuard
FNF:1
FNH:1
FNDA:134,adminGuard
DA:9,6
DA:10,134
DA:11,112
DA:12,112
DA:15,22
LF:5
LH:5
BRDA:10,0,0,112
BRDA:10,1,0,134
BRDA:10,1,1,132
BRF:3
BRH:3
end_of_record
TN:
SF:src\middleware\authGuard.ts
FN:40,authGuard
FNF:1
FNH:1
FNDA:66,authGuard
DA:40,5
DA:41,66
DA:42,13
DA:43,13
DA:47,53
DA:48,53
LF:6
LH:6
BRDA:41,0,0,13
BRDA:41,1,0,66
BRDA:41,1,1,65
BRF:3
BRH:3
end_of_record
TN:
SF:src\middleware\rateLimiter.ts
FN:19,checkRateLimit
FN:47,recordFailedAttempt
FN:70,resetRateLimit
FN:79,loginRateLimiter
FN:104,clearRateLimitStore
FNF:5
FNH:5
FNDA:1708,checkRateLimit
FNDA:1963,recordFailedAttempt
FNDA:101,resetRateLimit
FNDA:1503,loginRateLimiter
FNDA:717,clearRateLimitStore
DA:8,5
DA:9,5
DA:12,5
DA:19,5
DA:20,1708
DA:21,1708
DA:23,1708
DA:24,503
DA:27,1205
DA:30,1205
DA:31,1
DA:32,1
DA:36,1204
DA:37,303
DA:38,303
DA:41,901
DA:47,5
DA:48,1963
DA:49,1963
DA:51,1963
DA:52,606
DA:53,606
DA:56,1357
DA:59,1357
DA:60,0
DA:61,0
DA:64,1357
DA:70,5
DA:71,101
DA:72,101
DA:79,5
DA:80,1503
DA:82,1503
DA:84,1
DA:85,1
DA:88,1502
DA:90,1502
DA:91,201
DA:95,201
DA:98,1301
DA:104,5
DA:105,717
LF:42
LH:40
BRDA:23,0,0,503
BRDA:30,1,0,1
BRDA:36,2,0,303
BRDA:51,3,0,606
BRDA:59,4,0,0
BRDA:82,5,0,1
BRDA:90,6,0,201
BRF:7
BRH:6
end_of_record
TN:
SF:src\services\authService.ts
FN:19,register
FN:41,login
FN:73,logout
FN:81,validateSession
FN:115,createAuthError
FNF:5
FNH:5
FNDA:203,register
FNDA:1605,login
FNDA:1,logout
FNDA:4,validateSession
FNDA:1404,createAuthError
DA:1,6
DA:2,6
DA:4,6
DA:19,6
DA:24,203
DA:26,203
DA:33,103
DA:41,6
DA:45,1605
DA:51,1605
DA:53,1605
DA:55,1202
DA:56,1202
DA:59,403
DA:61,403
DA:62,202
DA:66,201
DA:67,201
DA:73,6
DA:74,1
DA:81,6
DA:84,4
DA:89,4
DA:90,1
DA:93,3
DA:96,3
DA:98,1
DA:99,1
DA:103,2
DA:105,2
DA:106,1
DA:109,1
DA:116,1404
DA:117,1404
DA:118,1404
LF:35
LH:35
BRDA:53,0,0,1202
BRDA:61,1,0,202
BRDA:89,2,0,1
BRDA:96,3,0,1
BRDA:103,4,0,0
BRDA:103,4,1,2
BRDA:105,5,0,1
BRF:7
BRH:6
end_of_record
TN:
SF:src\services\bookingService.ts
FN:20,createError
FN:30,validateBookingDate
FN:54,createDeskBooking
FN:93,createParkingBooking
FN:131,cancelBooking
FN:185,getDeskAvailability
FN:203,getParkingAvailability
FN:242,getBookingOverview
FN:314,(anonymous_9)
FN:332,getUserBookings
FNF:10
FNH:10
FNDA:1317,createError
FNDA:1415,validateBookingDate
FNDA:809,createDeskBooking
FNDA:606,createParkingBooking
FNDA:305,cancelBooking
FNDA:300,getDeskAvailability
FNDA:100,getParkingAvailability
FNDA:216,getBookingOverview
FNDA:21156,(anonymous_9)
FNDA:303,getUserBookings
DA:1,10
DA:21,1317
DA:22,1317
DA:23,1317
DA:31,1415
DA:32,1415
DA:34,1415
DA:35,1415
DA:37,1415
DA:38,202
DA:41,1213
DA:42,1213
DA:44,1213
DA:45,202
DA:54,10
DA:59,809
DA:62,607
DA:67,607
DA:68,202
DA:71,405
DA:72,405
DA:79,303
DA:81,102
DA:82,101
DA:84,1
DA:93,10
DA:98,606
DA:101,404
DA:106,404
DA:107,202
DA:110,202
DA:111,202
DA:118,101
DA:120,101
DA:121,101
DA:123,0
DA:131,10
DA:136,305
DA:141,305
DA:142,1
DA:145,304
DA:148,304
DA:149,101
DA:153,203
DA:154,203
DA:156,203
DA:157,203
DA:159,203
DA:160,101
DA:164,102
DA:185,10
DA:186,300
DA:196,300
DA:203,10
DA:204,100
DA:214,100
DA:242,10
DA:245,216
DA:247,216
DA:252,216
DA:254,7
DA:255,7
DA:256,7
DA:257,7
DA:259,209
DA:260,209
DA:263,209
DA:264,209
DA:265,1
DA:269,208
DA:270,208
DA:271,208
DA:272,1
DA:276,207
DA:277,207
DA:278,207
DA:279,101
DA:282,106
DA:283,1
DA:288,112
DA:289,112
DA:291,112
DA:292,84
DA:293,84
DA:296,112
DA:312,112
DA:314,21156
DA:322,112
DA:332,10
DA:335,303
DA:336,303
DA:338,303
DA:353,303
LF:93
LH:92
BRDA:37,0,0,202
BRDA:44,1,0,202
BRDA:67,2,0,202
BRDA:67,3,0,607
BRDA:67,3,1,506
BRDA:81,4,0,101
BRDA:106,5,0,202
BRDA:106,6,0,404
BRDA:106,6,1,303
BRDA:120,7,0,101
BRDA:141,8,0,1
BRDA:148,9,0,101
BRDA:159,10,0,101
BRDA:252,11,0,7
BRDA:252,11,1,209
BRDA:252,12,0,216
BRDA:252,12,1,7
BRDA:264,13,0,1
BRDA:264,14,0,209
BRDA:264,14,1,208
BRDA:271,15,0,1
BRDA:271,16,0,208
BRDA:271,16,1,207
BRDA:278,17,0,101
BRDA:282,18,0,1
BRDA:291,19,0,84
BRF:26
BRH:26
end_of_record
TN:
SF:src\services\resourceService.ts
FN:24,createError
FN:34,addDesk
FN:57,updateDesk
FN:111,deactivateDesk
FN:144,addParkingSpot
FN:170,updateParkingSpot
FN:224,deactivateParkingSpot
FNF:7
FNH:7
FNDA:411,createError
FNDA:203,addDesk
FNDA:6,updateDesk
FNDA:104,deactivateDesk
FNDA:203,addParkingSpot
FNDA:5,updateParkingSpot
FNDA:104,deactivateParkingSpot
DA:1,6
DA:25,411
DA:26,411
DA:27,411
DA:34,6
DA:35,203
DA:36,203
DA:43,101
DA:45,102
DA:46,101
DA:48,1
DA:57,6
DA:62,6
DA:67,6
DA:68,2
DA:71,4
DA:72,4
DA:73,4
DA:75,4
DA:76,3
DA:77,3
DA:78,3
DA:81,4
DA:82,2
DA:83,2
DA:84,2
DA:87,4
DA:88,4
DA:90,4
DA:91,4
DA:97,3
DA:99,1
DA:100,1
DA:102,0
DA:111,6
DA:113,104
DA:118,104
DA:119,1
DA:123,103
DA:130,103
DA:131,101
DA:134,2
DA:144,6
DA:148,203
DA:149,203
DA:156,101
DA:158,102
DA:159,101
DA:161,1
DA:170,6
DA:175,5
DA:180,5
DA:181,1
DA:184,4
DA:185,4
DA:186,4
DA:188,4
DA:189,3
DA:190,3
DA:191,3
DA:194,4
DA:195,2
DA:196,2
DA:197,2
DA:200,4
DA:201,4
DA:203,4
DA:204,4
DA:210,3
DA:212,1
DA:213,1
DA:215,0
DA:224,6
DA:226,104
DA:231,104
DA:232,1
DA:236,103
DA:243,103
DA:244,101
DA:247,2
LF:80
LH:78
BRDA:45,0,0,101
BRDA:67,1,0,2
BRDA:75,2,0,3
BRDA:81,3,0,2
BRDA:99,4,0,1
BRDA:118,5,0,1
BRDA:130,6,0,101
BRDA:158,7,0,101
BRDA:180,8,0,1
BRDA:188,9,0,3
BRDA:194,10,0,2
BRDA:212,11,0,1
BRDA:231,12,0,1
BRDA:243,13,0,101
BRF:14
BRH:14
end_of_record
TN:
SF:src\utils\escapeHtml.ts
FN:8,escapeHtml
FNF:1
FNH:1
FNDA:14,escapeHtml
DA:8,5
DA:9,14
LF:2
LH:2
BRF:0
BRH:0
end_of_record
TN:
SF:src\validators\adminValidators.ts
FNF:0
FNH:0
DA:1,4
DA:8,4
DA:30,4
DA:50,4
DA:75,4
LF:5
LH:5
BRF:0
BRH:0
end_of_record
TN:
SF:src\validators\authValidators.ts
FNF:0
FNH:0
DA:1,5
DA:6,5
DA:33,5
LF:3
LH:3
BRF:0
BRH:0
end_of_record
TN:
SF:src\validators\availabilityValidators.ts
FN:13,(anonymous_0)
FNF:1
FNH:1
FNDA:5,(anonymous_0)
DA:1,4
DA:7,4
DA:14,5
DA:15,5
DA:16,3
DA:18,2
LF:6
LH:6
BRDA:15,0,0,3
BRF:1
BRH:1
end_of_record
TN:
SF:src\validators\bookingValidators.ts
FNF:0
FNH:0
DA:1,4
DA:6,4
DA:23,4
LF:3
LH:3
BRF:0
BRH:0
end_of_record
